{"/home/travis/build/npmtest/node-npmtest-hoek/test.js":{"path":"/home/travis/build/npmtest/node-npmtest-hoek/test.js","s":{"1":2,"2":2,"3":2,"4":2,"5":2,"6":2,"7":2,"8":1,"9":2,"10":2,"11":1,"12":1,"13":1,"14":1,"15":2,"16":2,"17":2,"18":2,"19":1,"20":1,"21":2,"22":2,"23":2,"24":1,"25":1,"26":1,"27":1,"28":1,"29":1,"30":1,"31":1,"32":1,"33":1,"34":1,"35":1,"36":1,"37":2,"38":2,"39":1,"40":2,"41":2,"42":1,"43":2,"44":2,"45":1,"46":2,"47":2,"48":1,"49":1,"50":1,"51":1,"52":1},"b":{"1":[2,1,1,1],"2":[1,1,1,1],"3":[1,1],"4":[1,1],"5":[1,1],"6":[1,1],"7":[1,1],"8":[1,1],"9":[1,1,1],"10":[1,1],"11":[1,1],"12":[1,1],"13":[1,1],"14":[1,1],"15":[1,1],"16":[1,1]},"f":{"1":2,"2":2,"3":2,"4":2,"5":2,"6":1,"7":1,"8":2,"9":2,"10":2,"11":2,"12":1},"fnMap":{"1":{"name":"(anonymous_1)","line":12,"loc":{"start":{"line":12,"column":1},"end":{"line":12,"column":13}}},"2":{"name":"(anonymous_2)","line":19,"loc":{"start":{"line":19,"column":5},"end":{"line":19,"column":17}}},"3":{"name":"(anonymous_3)","line":23,"loc":{"start":{"line":23,"column":24},"end":{"line":23,"column":36}}},"4":{"name":"(anonymous_4)","line":61,"loc":{"start":{"line":61,"column":5},"end":{"line":61,"column":17}}},"5":{"name":"(anonymous_5)","line":82,"loc":{"start":{"line":82,"column":5},"end":{"line":82,"column":17}}},"6":{"name":"(anonymous_6)","line":102,"loc":{"start":{"line":102,"column":83},"end":{"line":105,"column":10}},"skip":true},"7":{"name":"(anonymous_7)","line":113,"loc":{"start":{"line":113,"column":77},"end":{"line":116,"column":10}},"skip":true},"8":{"name":"(anonymous_8)","line":129,"loc":{"start":{"line":129,"column":12},"end":{"line":129,"column":40}},"skip":true},"9":{"name":"(anonymous_9)","line":137,"loc":{"start":{"line":137,"column":77},"end":{"line":140,"column":10}},"skip":true},"10":{"name":"(anonymous_10)","line":148,"loc":{"start":{"line":148,"column":83},"end":{"line":151,"column":10}},"skip":true},"11":{"name":"(anonymous_11)","line":159,"loc":{"start":{"line":159,"column":79},"end":{"line":162,"column":10}},"skip":true},"12":{"name":"(anonymous_12)","line":170,"loc":{"start":{"line":170,"column":75},"end":{"line":173,"column":10}},"skip":true}},"statementMap":{"1":{"start":{"line":12,"column":0},"end":{"line":185,"column":5}},"2":{"start":{"line":14,"column":4},"end":{"line":14,"column":14}},"3":{"start":{"line":19,"column":4},"end":{"line":56,"column":9}},"4":{"start":{"line":21,"column":8},"end":{"line":21,"column":19}},"5":{"start":{"line":23,"column":8},"end":{"line":35,"column":13}},"6":{"start":{"line":24,"column":12},"end":{"line":34,"column":13}},"7":{"start":{"line":25,"column":16},"end":{"line":28,"column":30}},"8":{"start":{"line":30,"column":16},"end":{"line":33,"column":27}},"9":{"start":{"line":37,"column":8},"end":{"line":39,"column":21}},"10":{"start":{"line":40,"column":8},"end":{"line":53,"column":9}},"11":{"start":{"line":43,"column":12},"end":{"line":46,"column":14}},"12":{"start":{"line":47,"column":12},"end":{"line":47,"column":18}},"13":{"start":{"line":50,"column":12},"end":{"line":51,"column":46}},"14":{"start":{"line":52,"column":12},"end":{"line":52,"column":18}},"15":{"start":{"line":55,"column":8},"end":{"line":55,"column":35}},"16":{"start":{"line":61,"column":4},"end":{"line":63,"column":9}},"17":{"start":{"line":62,"column":8},"end":{"line":62,"column":15}},"18":{"start":{"line":64,"column":4},"end":{"line":77,"column":5}},"19":{"start":{"line":70,"column":8},"end":{"line":70,"column":14}},"20":{"start":{"line":76,"column":8},"end":{"line":76,"column":14}},"21":{"start":{"line":82,"column":4},"end":{"line":84,"column":9}},"22":{"start":{"line":83,"column":8},"end":{"line":83,"column":15}},"23":{"start":{"line":85,"column":4},"end":{"line":184,"column":5}},"24":{"start":{"line":92,"column":8},"end":{"line":94,"column":63}},"25":{"start":{"line":95,"column":8},"end":{"line":95,"column":14}},"26":{"start":{"line":102,"column":8},"end":{"line":111,"column":10},"skip":true},"27":{"start":{"line":109,"column":12},"end":{"line":109,"column":55},"skip":true},"28":{"start":{"line":110,"column":12},"end":{"line":110,"column":48},"skip":true},"29":{"start":{"line":113,"column":8},"end":{"line":126,"column":10},"skip":true},"30":{"start":{"line":120,"column":12},"end":{"line":120,"column":76},"skip":true},"31":{"start":{"line":121,"column":12},"end":{"line":121,"column":73},"skip":true},"32":{"start":{"line":122,"column":12},"end":{"line":122,"column":74},"skip":true},"33":{"start":{"line":123,"column":12},"end":{"line":123,"column":79},"skip":true},"34":{"start":{"line":124,"column":12},"end":{"line":124,"column":25},"skip":true},"35":{"start":{"line":125,"column":12},"end":{"line":125,"column":45},"skip":true},"36":{"start":{"line":128,"column":8},"end":{"line":135,"column":14},"skip":true},"37":{"start":{"line":133,"column":16},"end":{"line":133,"column":29},"skip":true},"38":{"start":{"line":134,"column":16},"end":{"line":134,"column":55},"skip":true},"39":{"start":{"line":137,"column":8},"end":{"line":146,"column":10},"skip":true},"40":{"start":{"line":144,"column":12},"end":{"line":144,"column":25},"skip":true},"41":{"start":{"line":145,"column":12},"end":{"line":145,"column":45},"skip":true},"42":{"start":{"line":148,"column":8},"end":{"line":157,"column":10},"skip":true},"43":{"start":{"line":155,"column":12},"end":{"line":155,"column":25},"skip":true},"44":{"start":{"line":156,"column":12},"end":{"line":156,"column":48},"skip":true},"45":{"start":{"line":159,"column":8},"end":{"line":168,"column":10},"skip":true},"46":{"start":{"line":166,"column":12},"end":{"line":166,"column":25},"skip":true},"47":{"start":{"line":167,"column":12},"end":{"line":167,"column":46},"skip":true},"48":{"start":{"line":170,"column":8},"end":{"line":179,"column":10},"skip":true},"49":{"start":{"line":177,"column":12},"end":{"line":177,"column":94},"skip":true},"50":{"start":{"line":178,"column":12},"end":{"line":178,"column":48},"skip":true},"51":{"start":{"line":182,"column":8},"end":{"line":182,"column":35},"skip":true},"52":{"start":{"line":183,"column":8},"end":{"line":183,"column":14},"skip":true}},"branchMap":{"1":{"line":25,"type":"binary-expr","locations":[{"start":{"line":25,"column":23},"end":{"line":25,"column":62}},{"start":{"line":26,"column":20},"end":{"line":26,"column":70}},{"start":{"line":27,"column":20},"end":{"line":27,"column":71}},{"start":{"line":28,"column":20},"end":{"line":28,"column":29}}]},"2":{"line":30,"type":"binary-expr","locations":[{"start":{"line":30,"column":23},"end":{"line":30,"column":37}},{"start":{"line":31,"column":20},"end":{"line":31,"column":61}},{"start":{"line":32,"column":20},"end":{"line":32,"column":70}},{"start":{"line":33,"column":20},"end":{"line":33,"column":26}}]},"3":{"line":37,"type":"cond-expr","locations":[{"start":{"line":38,"column":14},"end":{"line":38,"column":20}},{"start":{"line":39,"column":14},"end":{"line":39,"column":20}}]},"4":{"line":40,"type":"switch","locations":[{"start":{"line":42,"column":8},"end":{"line":47,"column":18}},{"start":{"line":49,"column":8},"end":{"line":52,"column":18}}]},"5":{"line":44,"type":"binary-expr","locations":[{"start":{"line":44,"column":16},"end":{"line":44,"column":44}},{"start":{"line":44,"column":48},"end":{"line":44,"column":66}}]},"6":{"line":50,"type":"binary-expr","locations":[{"start":{"line":50,"column":21},"end":{"line":50,"column":49}},{"start":{"line":50,"column":53},"end":{"line":50,"column":72}}]},"7":{"line":64,"type":"switch","locations":[{"start":{"line":69,"column":4},"end":{"line":70,"column":14}},{"start":{"line":75,"column":4},"end":{"line":76,"column":14}}]},"8":{"line":85,"type":"switch","locations":[{"start":{"line":90,"column":4},"end":{"line":95,"column":14}},{"start":{"line":101,"column":4},"end":{"line":183,"column":14},"skip":true}]},"9":{"line":92,"type":"binary-expr","locations":[{"start":{"line":92,"column":18},"end":{"line":92,"column":32}},{"start":{"line":93,"column":12},"end":{"line":93,"column":53}},{"start":{"line":94,"column":12},"end":{"line":94,"column":61}}]},"10":{"line":102,"type":"binary-expr","locations":[{"start":{"line":102,"column":45},"end":{"line":102,"column":79},"skip":true},{"start":{"line":102,"column":83},"end":{"line":111,"column":9},"skip":true}]},"11":{"line":113,"type":"binary-expr","locations":[{"start":{"line":113,"column":42},"end":{"line":113,"column":73},"skip":true},{"start":{"line":113,"column":77},"end":{"line":126,"column":9},"skip":true}]},"12":{"line":128,"type":"binary-expr","locations":[{"start":{"line":128,"column":48},"end":{"line":128,"column":85},"skip":true},{"start":{"line":129,"column":12},"end":{"line":135,"column":13},"skip":true}]},"13":{"line":137,"type":"binary-expr","locations":[{"start":{"line":137,"column":42},"end":{"line":137,"column":73},"skip":true},{"start":{"line":137,"column":77},"end":{"line":146,"column":9},"skip":true}]},"14":{"line":148,"type":"binary-expr","locations":[{"start":{"line":148,"column":45},"end":{"line":148,"column":79},"skip":true},{"start":{"line":148,"column":83},"end":{"line":157,"column":9},"skip":true}]},"15":{"line":159,"type":"binary-expr","locations":[{"start":{"line":159,"column":43},"end":{"line":159,"column":75},"skip":true},{"start":{"line":159,"column":79},"end":{"line":168,"column":9},"skip":true}]},"16":{"line":170,"type":"binary-expr","locations":[{"start":{"line":170,"column":41},"end":{"line":170,"column":71},"skip":true},{"start":{"line":170,"column":75},"end":{"line":179,"column":9},"skip":true}]}},"code":["/* istanbul instrument in package npmtest_hoek */","/*jslint","    bitwise: true,","    browser: true,","    maxerr: 8,","    maxlen: 96,","    node: true,","    nomen: true,","    regexp: true,","    stupid: true","*/","(function () {","    'use strict';","    var local;","","","","    // run shared js-env code - pre-init","    (function () {","        // init local","        local = {};","        // init modeJs","        local.modeJs = (function () {","            try {","                return typeof navigator.userAgent === 'string' &&","                    typeof document.querySelector('body') === 'object' &&","                    typeof XMLHttpRequest.prototype.open === 'function' &&","                    'browser';","            } catch (errorCaughtBrowser) {","                return module.exports &&","                    typeof process.versions.node === 'string' &&","                    typeof require('http').createServer === 'function' &&","                    'node';","            }","        }());","        // init global","        local.global = local.modeJs === 'browser'","            ? window","            : global;","        switch (local.modeJs) {","        // re-init local from window.local","        case 'browser':","            local = local.global.utility2.objectSetDefault(","                local.global.utility2_rollup || local.global.local,","                local.global.utility2","            );","            break;","        // re-init local from example.js","        case 'node':","            local = (local.global.utility2_rollup || require('utility2'))","                .requireExampleJsFromReadme();","            break;","        }","        // export local","        local.global.local = local;","    }());","","","","    // run shared js-env code - function","    (function () {","        return;","    }());","    switch (local.modeJs) {","","","","    // run browser js-env code - function","    case 'browser':","        break;","","","","    // run node js-env code - function","    case 'node':","        break;","    }","","","","    // run shared js-env code - post-init","    (function () {","        return;","    }());","    switch (local.modeJs) {","","","","    // run browser js-env code - post-init","    case 'browser':","        // run tests","        local.nop(local.modeTest &&","            document.querySelector('#testRunButton1') &&","            document.querySelector('#testRunButton1').click());","        break;","","","","    // run node js-env code - post-init","    /* istanbul ignore next */","    case 'node':","        local.testCase_buildApidoc_default = local.testCase_buildApidoc_default || function (","            options,","            onError","        ) {","        /*","         * this function will test buildApidoc's default handling-behavior-behavior","         */","            options = { modulePathList: module.paths };","            local.buildApidoc(options, onError);","        };","","        local.testCase_buildApp_default = local.testCase_buildApp_default || function (","            options,","            onError","        ) {","        /*","         * this function will test buildApp's default handling-behavior-behavior","         */","            local.testCase_buildReadme_default(options, local.onErrorThrow);","            local.testCase_buildLib_default(options, local.onErrorThrow);","            local.testCase_buildTest_default(options, local.onErrorThrow);","            local.testCase_buildCustomOrg_default(options, local.onErrorThrow);","            options = [];","            local.buildApp(options, onError);","        };","","        local.testCase_buildCustomOrg_default = local.testCase_buildCustomOrg_default ||","            function (options, onError) {","            /*","             * this function will test buildCustomOrg's default handling-behavior","             */","                options = {};","                local.buildCustomOrg(options, onError);","            };","","        local.testCase_buildLib_default = local.testCase_buildLib_default || function (","            options,","            onError","        ) {","        /*","         * this function will test buildLib's default handling-behavior","         */","            options = {};","            local.buildLib(options, onError);","        };","","        local.testCase_buildReadme_default = local.testCase_buildReadme_default || function (","            options,","            onError","        ) {","        /*","         * this function will test buildReadme's default handling-behavior-behavior","         */","            options = {};","            local.buildReadme(options, onError);","        };","","        local.testCase_buildTest_default = local.testCase_buildTest_default || function (","            options,","            onError","        ) {","        /*","         * this function will test buildTest's default handling-behavior","         */","            options = {};","            local.buildTest(options, onError);","        };","","        local.testCase_webpage_default = local.testCase_webpage_default || function (","            options,","            onError","        ) {","        /*","         * this function will test webpage's default handling-behavior","         */","            options = { modeCoverageMerge: true, url: local.serverLocalHost + '?modeTest=1' };","            local.browserTest(options, onError);","        };","","        // run test-server","        local.testRunServer(local);","        break;","    }","}());",""],"l":{"12":2,"14":2,"19":2,"21":2,"23":2,"24":2,"25":2,"30":1,"37":2,"40":2,"43":1,"47":1,"50":1,"52":1,"55":2,"61":2,"62":2,"64":2,"70":1,"76":1,"82":2,"83":2,"85":2,"92":1,"95":1,"102":1,"109":1,"110":1,"113":1,"120":1,"121":1,"122":1,"123":1,"124":1,"125":1,"128":1,"133":2,"134":2,"137":1,"144":2,"145":2,"148":1,"155":2,"156":2,"159":1,"166":2,"167":2,"170":1,"177":1,"178":1,"182":1,"183":1}},"/home/travis/build/npmtest/node-npmtest-hoek/lib.npmtest_hoek.js":{"path":"/home/travis/build/npmtest/node-npmtest-hoek/lib.npmtest_hoek.js","s":{"1":2,"2":2,"3":2,"4":2,"5":2,"6":2,"7":2,"8":1,"9":2,"10":2,"11":2,"12":2,"13":1,"14":1,"15":1,"16":1},"b":{"1":[2,1,1,1],"2":[1,1,1,1],"3":[1,1],"4":[2,2],"5":[1,1]},"f":{"1":2,"2":2,"3":2},"fnMap":{"1":{"name":"(anonymous_1)","line":12,"loc":{"start":{"line":12,"column":1},"end":{"line":12,"column":13}}},"2":{"name":"(anonymous_2)","line":19,"loc":{"start":{"line":19,"column":5},"end":{"line":19,"column":17}}},"3":{"name":"(anonymous_3)","line":23,"loc":{"start":{"line":23,"column":24},"end":{"line":23,"column":36}}}},"statementMap":{"1":{"start":{"line":12,"column":0},"end":{"line":53,"column":5}},"2":{"start":{"line":14,"column":4},"end":{"line":14,"column":14}},"3":{"start":{"line":19,"column":4},"end":{"line":52,"column":9}},"4":{"start":{"line":21,"column":8},"end":{"line":21,"column":19}},"5":{"start":{"line":23,"column":8},"end":{"line":35,"column":13}},"6":{"start":{"line":24,"column":12},"end":{"line":34,"column":13}},"7":{"start":{"line":25,"column":16},"end":{"line":28,"column":30}},"8":{"start":{"line":30,"column":16},"end":{"line":33,"column":27}},"9":{"start":{"line":37,"column":8},"end":{"line":39,"column":21}},"10":{"start":{"line":41,"column":8},"end":{"line":41,"column":54}},"11":{"start":{"line":43,"column":8},"end":{"line":43,"column":49}},"12":{"start":{"line":45,"column":8},"end":{"line":51,"column":9}},"13":{"start":{"line":46,"column":12},"end":{"line":46,"column":55}},"14":{"start":{"line":48,"column":12},"end":{"line":48,"column":35}},"15":{"start":{"line":49,"column":12},"end":{"line":49,"column":49}},"16":{"start":{"line":50,"column":12},"end":{"line":50,"column":43}}},"branchMap":{"1":{"line":25,"type":"binary-expr","locations":[{"start":{"line":25,"column":23},"end":{"line":25,"column":62}},{"start":{"line":26,"column":20},"end":{"line":26,"column":70}},{"start":{"line":27,"column":20},"end":{"line":27,"column":71}},{"start":{"line":28,"column":20},"end":{"line":28,"column":29}}]},"2":{"line":30,"type":"binary-expr","locations":[{"start":{"line":30,"column":23},"end":{"line":30,"column":37}},{"start":{"line":31,"column":20},"end":{"line":31,"column":61}},{"start":{"line":32,"column":20},"end":{"line":32,"column":70}},{"start":{"line":33,"column":20},"end":{"line":33,"column":26}}]},"3":{"line":37,"type":"cond-expr","locations":[{"start":{"line":38,"column":14},"end":{"line":38,"column":20}},{"start":{"line":39,"column":14},"end":{"line":39,"column":20}}]},"4":{"line":41,"type":"binary-expr","locations":[{"start":{"line":41,"column":16},"end":{"line":41,"column":44}},{"start":{"line":41,"column":48},"end":{"line":41,"column":53}}]},"5":{"line":45,"type":"if","locations":[{"start":{"line":45,"column":8},"end":{"line":45,"column":8}},{"start":{"line":45,"column":8},"end":{"line":45,"column":8}}]}},"code":["/* istanbul instrument in package npmtest_hoek */","/*jslint","    bitwise: true,","    browser: true,","    maxerr: 8,","    maxlen: 96,","    node: true,","    nomen: true,","    regexp: true,","    stupid: true","*/","(function () {","    'use strict';","    var local;","","","","    // run shared js-env code - pre-init","    (function () {","        // init local","        local = {};","        // init modeJs","        local.modeJs = (function () {","            try {","                return typeof navigator.userAgent === 'string' &&","                    typeof document.querySelector('body') === 'object' &&","                    typeof XMLHttpRequest.prototype.open === 'function' &&","                    'browser';","            } catch (errorCaughtBrowser) {","                return module.exports &&","                    typeof process.versions.node === 'string' &&","                    typeof require('http').createServer === 'function' &&","                    'node';","            }","        }());","        // init global","        local.global = local.modeJs === 'browser'","            ? window","            : global;","        // init utility2_rollup","        local = local.global.utility2_rollup || local;","        // init lib","        local.local = local.npmtest_hoek = local;","        // init exports","        if (local.modeJs === 'browser') {","            local.global.utility2_npmtest_hoek = local;","        } else {","            module.exports = local;","            module.exports.__dirname = __dirname;","            module.exports.module = module;","        }","    }());","}());",""],"l":{"12":2,"14":2,"19":2,"21":2,"23":2,"24":2,"25":2,"30":1,"37":2,"41":2,"43":2,"45":2,"46":1,"48":1,"49":1,"50":1}},"/home/travis/build/npmtest/node-npmtest-hoek/example.js":{"path":"/home/travis/build/npmtest/node-npmtest-hoek/example.js","s":{"1":2,"2":2,"3":2,"4":2,"5":2,"6":2,"7":2,"8":1,"9":2,"10":2,"11":2,"12":2,"13":1,"14":2,"15":2,"16":2,"17":2,"18":2,"19":0,"20":2,"21":1,"22":1,"23":1,"24":1,"25":1,"26":0,"27":0,"28":1,"29":1,"30":2,"31":0,"32":0,"33":0,"34":1,"35":2,"36":2,"37":2,"38":2,"39":2,"40":2,"41":0,"42":2,"43":2,"44":2,"45":1,"46":3,"47":1,"48":1,"49":1,"50":1,"51":1,"52":1,"53":1,"54":1,"55":1,"56":1,"57":0,"58":1,"59":6,"60":6,"61":1,"62":2,"63":0,"64":2,"65":1,"66":1,"67":0,"68":0,"69":0,"70":0,"71":0,"72":0,"73":0,"74":0,"75":0,"76":0,"77":0,"78":0,"79":0,"80":0,"81":0,"82":0,"83":0},"b":{"1":[2,1,1,1],"2":[1,1,1,1],"3":[1,1],"4":[2,2],"5":[1,1],"6":[1,1],"7":[2,0],"8":[2,1,1,1,1,1],"9":[0,2,0],"10":[1,1],"11":[2,1,1],"12":[1,0],"13":[0,2],"14":[2,0,0,0,0,0,0],"15":[0,2],"16":[2,0],"17":[1,1],"18":[0,1],"19":[1,2,0,2],"20":[1,0],"21":[1,1],"22":[0,0],"23":[0,0],"24":[0,0],"25":[0,0],"26":[0,0],"27":[0,0],"28":[0,0]},"f":{"1":2,"2":2,"3":2,"4":2,"5":2,"6":2,"7":2,"8":2,"9":3,"10":1,"11":6,"12":0},"fnMap":{"1":{"name":"(anonymous_1)","line":26,"loc":{"start":{"line":26,"column":1},"end":{"line":26,"column":13}}},"2":{"name":"(anonymous_2)","line":33,"loc":{"start":{"line":33,"column":5},"end":{"line":33,"column":17}}},"3":{"name":"(anonymous_3)","line":37,"loc":{"start":{"line":37,"column":24},"end":{"line":37,"column":36}}},"4":{"name":"(anonymous_4)","line":69,"loc":{"start":{"line":69,"column":31},"end":{"line":69,"column":48}},"skip":true},"5":{"name":"(anonymous_5)","line":78,"loc":{"start":{"line":78,"column":26},"end":{"line":78,"column":45}},"skip":true},"6":{"name":"(anonymous_6)","line":123,"loc":{"start":{"line":123,"column":33},"end":{"line":123,"column":48}},"skip":true},"7":{"name":"(anonymous_7)","line":125,"loc":{"start":{"line":125,"column":27},"end":{"line":125,"column":39}},"skip":true},"8":{"name":"(anonymous_8)","line":133,"loc":{"start":{"line":133,"column":59},"end":{"line":133,"column":74}},"skip":true},"9":{"name":"(anonymous_9)","line":143,"loc":{"start":{"line":143,"column":45},"end":{"line":143,"column":62}},"skip":true},"10":{"name":"(anonymous_10)","line":144,"loc":{"start":{"line":144,"column":73},"end":{"line":144,"column":92}},"skip":true},"11":{"name":"(anonymous_11)","line":272,"loc":{"start":{"line":272,"column":51},"end":{"line":272,"column":77}},"skip":true},"12":{"name":"(anonymous_12)","line":314,"loc":{"start":{"line":314,"column":32},"end":{"line":314,"column":61}},"skip":true}},"statementMap":{"1":{"start":{"line":26,"column":0},"end":{"line":325,"column":5}},"2":{"start":{"line":28,"column":4},"end":{"line":28,"column":14}},"3":{"start":{"line":33,"column":4},"end":{"line":60,"column":9}},"4":{"start":{"line":35,"column":8},"end":{"line":35,"column":19}},"5":{"start":{"line":37,"column":8},"end":{"line":49,"column":13}},"6":{"start":{"line":38,"column":12},"end":{"line":48,"column":13}},"7":{"start":{"line":39,"column":16},"end":{"line":42,"column":30}},"8":{"start":{"line":44,"column":16},"end":{"line":47,"column":27}},"9":{"start":{"line":51,"column":8},"end":{"line":53,"column":21}},"10":{"start":{"line":55,"column":8},"end":{"line":57,"column":45}},"11":{"start":{"line":59,"column":8},"end":{"line":59,"column":35}},"12":{"start":{"line":61,"column":4},"end":{"line":324,"column":5}},"13":{"start":{"line":69,"column":8},"end":{"line":121,"column":10},"skip":true},"14":{"start":{"line":70,"column":12},"end":{"line":88,"column":13},"skip":true},"15":{"start":{"line":76,"column":16},"end":{"line":87,"column":19},"skip":true},"16":{"start":{"line":79,"column":20},"end":{"line":86,"column":21},"skip":true},"17":{"start":{"line":82,"column":24},"end":{"line":82,"column":43},"skip":true},"18":{"start":{"line":83,"column":24},"end":{"line":83,"column":30},"skip":true},"19":{"start":{"line":85,"column":24},"end":{"line":85,"column":49},"skip":true},"20":{"start":{"line":89,"column":12},"end":{"line":107,"column":13},"skip":true},"21":{"start":{"line":92,"column":16},"end":{"line":102,"column":17},"skip":true},"22":{"start":{"line":93,"column":20},"end":{"line":93,"column":86},"skip":true},"23":{"start":{"line":94,"column":20},"end":{"line":95,"column":45},"skip":true},"24":{"start":{"line":96,"column":20},"end":{"line":96,"column":42},"skip":true},"25":{"start":{"line":97,"column":20},"end":{"line":97,"column":48},"skip":true},"26":{"start":{"line":100,"column":20},"end":{"line":100,"column":85},"skip":true},"27":{"start":{"line":101,"column":20},"end":{"line":101,"column":96},"skip":true},"28":{"start":{"line":103,"column":16},"end":{"line":103,"column":22},"skip":true},"29":{"start":{"line":106,"column":16},"end":{"line":106,"column":22},"skip":true},"30":{"start":{"line":108,"column":12},"end":{"line":120,"column":13},"skip":true},"31":{"start":{"line":114,"column":16},"end":{"line":119,"column":17},"skip":true},"32":{"start":{"line":116,"column":20},"end":{"line":116,"column":78},"skip":true},"33":{"start":{"line":118,"column":20},"end":{"line":118,"column":53},"skip":true},"34":{"start":{"line":123,"column":8},"end":{"line":141,"column":11},"skip":true},"35":{"start":{"line":124,"column":12},"end":{"line":124,"column":54},"skip":true},"36":{"start":{"line":125,"column":12},"end":{"line":140,"column":14},"skip":true},"37":{"start":{"line":126,"column":16},"end":{"line":126,"column":28},"skip":true},"38":{"start":{"line":127,"column":16},"end":{"line":127,"column":69},"skip":true},"39":{"start":{"line":128,"column":16},"end":{"line":128,"column":75},"skip":true},"40":{"start":{"line":129,"column":16},"end":{"line":131,"column":17},"skip":true},"41":{"start":{"line":130,"column":20},"end":{"line":130,"column":27},"skip":true},"42":{"start":{"line":133,"column":16},"end":{"line":137,"column":36},"skip":true},"43":{"start":{"line":134,"column":20},"end":{"line":136,"column":55},"skip":true},"44":{"start":{"line":139,"column":16},"end":{"line":139,"column":57},"skip":true},"45":{"start":{"line":143,"column":8},"end":{"line":147,"column":11},"skip":true},"46":{"start":{"line":144,"column":12},"end":{"line":146,"column":15},"skip":true},"47":{"start":{"line":145,"column":16},"end":{"line":145,"column":70},"skip":true},"48":{"start":{"line":149,"column":8},"end":{"line":149,"column":31},"skip":true},"49":{"start":{"line":150,"column":8},"end":{"line":150,"column":14},"skip":true},"50":{"start":{"line":158,"column":8},"end":{"line":158,"column":31},"skip":true},"51":{"start":{"line":160,"column":8},"end":{"line":160,"column":33},"skip":true},"52":{"start":{"line":161,"column":8},"end":{"line":161,"column":37},"skip":true},"53":{"start":{"line":162,"column":8},"end":{"line":162,"column":35},"skip":true},"54":{"start":{"line":164,"column":8},"end":{"line":164,"column":50},"skip":true},"55":{"start":{"line":166,"column":8},"end":{"line":256,"column":2},"skip":true},"56":{"start":{"line":258,"column":8},"end":{"line":286,"column":9},"skip":true},"57":{"start":{"line":259,"column":12},"end":{"line":269,"column":14},"skip":true},"58":{"start":{"line":271,"column":12},"end":{"line":285,"column":19},"skip":true},"59":{"start":{"line":274,"column":20},"end":{"line":274,"column":35},"skip":true},"60":{"start":{"line":275,"column":20},"end":{"line":284,"column":21},"skip":true},"61":{"start":{"line":277,"column":24},"end":{"line":277,"column":64},"skip":true},"62":{"start":{"line":279,"column":24},"end":{"line":279,"column":40},"skip":true},"63":{"start":{"line":281,"column":24},"end":{"line":281,"column":40},"skip":true},"64":{"start":{"line":283,"column":24},"end":{"line":283,"column":39},"skip":true},"65":{"start":{"line":288,"column":8},"end":{"line":290,"column":9},"skip":true},"66":{"start":{"line":289,"column":12},"end":{"line":289,"column":18},"skip":true},"67":{"start":{"line":291,"column":8},"end":{"line":293,"column":54},"skip":true},"68":{"start":{"line":294,"column":8},"end":{"line":301,"column":37},"skip":true},"69":{"start":{"line":302,"column":8},"end":{"line":302,"column":82},"skip":true},"70":{"start":{"line":305,"column":8},"end":{"line":307,"column":9},"skip":true},"71":{"start":{"line":306,"column":12},"end":{"line":306,"column":82},"skip":true},"72":{"start":{"line":309,"column":8},"end":{"line":311,"column":9},"skip":true},"73":{"start":{"line":310,"column":12},"end":{"line":310,"column":18},"skip":true},"74":{"start":{"line":312,"column":8},"end":{"line":312,"column":54},"skip":true},"75":{"start":{"line":313,"column":8},"end":{"line":313,"column":69},"skip":true},"76":{"start":{"line":314,"column":8},"end":{"line":322,"column":36},"skip":true},"77":{"start":{"line":315,"column":12},"end":{"line":315,"column":61},"skip":true},"78":{"start":{"line":316,"column":12},"end":{"line":319,"column":13},"skip":true},"79":{"start":{"line":317,"column":16},"end":{"line":317,"column":75},"skip":true},"80":{"start":{"line":318,"column":16},"end":{"line":318,"column":23},"skip":true},"81":{"start":{"line":320,"column":12},"end":{"line":320,"column":38},"skip":true},"82":{"start":{"line":321,"column":12},"end":{"line":321,"column":27},"skip":true},"83":{"start":{"line":323,"column":8},"end":{"line":323,"column":14},"skip":true}},"branchMap":{"1":{"line":39,"type":"binary-expr","locations":[{"start":{"line":39,"column":23},"end":{"line":39,"column":62}},{"start":{"line":40,"column":20},"end":{"line":40,"column":70}},{"start":{"line":41,"column":20},"end":{"line":41,"column":71}},{"start":{"line":42,"column":20},"end":{"line":42,"column":29}}]},"2":{"line":44,"type":"binary-expr","locations":[{"start":{"line":44,"column":23},"end":{"line":44,"column":37}},{"start":{"line":45,"column":20},"end":{"line":45,"column":61}},{"start":{"line":46,"column":20},"end":{"line":46,"column":70}},{"start":{"line":47,"column":20},"end":{"line":47,"column":26}}]},"3":{"line":51,"type":"cond-expr","locations":[{"start":{"line":52,"column":14},"end":{"line":52,"column":20}},{"start":{"line":53,"column":14},"end":{"line":53,"column":20}}]},"4":{"line":55,"type":"binary-expr","locations":[{"start":{"line":55,"column":16},"end":{"line":55,"column":44}},{"start":{"line":55,"column":49},"end":{"line":57,"column":43}}]},"5":{"line":55,"type":"cond-expr","locations":[{"start":{"line":56,"column":14},"end":{"line":56,"column":48}},{"start":{"line":57,"column":14},"end":{"line":57,"column":43}}]},"6":{"line":61,"type":"switch","locations":[{"start":{"line":68,"column":4},"end":{"line":150,"column":14},"skip":true},{"start":{"line":156,"column":4},"end":{"line":323,"column":14},"skip":true}]},"7":{"line":70,"type":"if","locations":[{"start":{"line":70,"column":12},"end":{"line":70,"column":12},"skip":true},{"start":{"line":70,"column":12},"end":{"line":70,"column":12},"skip":true}]},"8":{"line":70,"type":"binary-expr","locations":[{"start":{"line":70,"column":16},"end":{"line":70,"column":22},"skip":true},{"start":{"line":70,"column":27},"end":{"line":70,"column":32},"skip":true},{"start":{"line":71,"column":20},"end":{"line":71,"column":39},"skip":true},{"start":{"line":72,"column":20},"end":{"line":72,"column":49},"skip":true},{"start":{"line":73,"column":20},"end":{"line":73,"column":58},"skip":true},{"start":{"line":74,"column":20},"end":{"line":74,"column":69},"skip":true}]},"9":{"line":79,"type":"switch","locations":[{"start":{"line":80,"column":20},"end":{"line":80,"column":33},"skip":true},{"start":{"line":81,"column":20},"end":{"line":83,"column":30},"skip":true},{"start":{"line":84,"column":20},"end":{"line":85,"column":49},"skip":true}]},"10":{"line":89,"type":"switch","locations":[{"start":{"line":90,"column":12},"end":{"line":103,"column":22},"skip":true},{"start":{"line":105,"column":12},"end":{"line":106,"column":22},"skip":true}]},"11":{"line":89,"type":"binary-expr","locations":[{"start":{"line":89,"column":20},"end":{"line":89,"column":25},"skip":true},{"start":{"line":89,"column":29},"end":{"line":89,"column":48},"skip":true},{"start":{"line":89,"column":52},"end":{"line":89,"column":74},"skip":true}]},"12":{"line":92,"type":"if","locations":[{"start":{"line":92,"column":16},"end":{"line":92,"column":16},"skip":true},{"start":{"line":92,"column":16},"end":{"line":92,"column":16},"skip":true}]},"13":{"line":108,"type":"if","locations":[{"start":{"line":108,"column":12},"end":{"line":108,"column":12},"skip":true},{"start":{"line":108,"column":12},"end":{"line":108,"column":12},"skip":true}]},"14":{"line":108,"type":"binary-expr","locations":[{"start":{"line":108,"column":16},"end":{"line":108,"column":61},"skip":true},{"start":{"line":108,"column":66},"end":{"line":108,"column":72},"skip":true},{"start":{"line":108,"column":77},"end":{"line":108,"column":82},"skip":true},{"start":{"line":109,"column":20},"end":{"line":109,"column":39},"skip":true},{"start":{"line":110,"column":20},"end":{"line":110,"column":49},"skip":true},{"start":{"line":111,"column":20},"end":{"line":111,"column":58},"skip":true},{"start":{"line":112,"column":20},"end":{"line":112,"column":68},"skip":true}]},"15":{"line":129,"type":"if","locations":[{"start":{"line":129,"column":16},"end":{"line":129,"column":16},"skip":true},{"start":{"line":129,"column":16},"end":{"line":129,"column":16},"skip":true}]},"16":{"line":134,"type":"cond-expr","locations":[{"start":{"line":135,"column":26},"end":{"line":135,"column":29},"skip":true},{"start":{"line":136,"column":26},"end":{"line":136,"column":54},"skip":true}]},"17":{"line":164,"type":"binary-expr","locations":[{"start":{"line":164,"column":27},"end":{"line":164,"column":43},"skip":true},{"start":{"line":164,"column":47},"end":{"line":164,"column":49},"skip":true}]},"18":{"line":258,"type":"if","locations":[{"start":{"line":258,"column":8},"end":{"line":258,"column":8},"skip":true},{"start":{"line":258,"column":8},"end":{"line":258,"column":8},"skip":true}]},"19":{"line":275,"type":"switch","locations":[{"start":{"line":276,"column":20},"end":{"line":277,"column":64},"skip":true},{"start":{"line":278,"column":20},"end":{"line":279,"column":40},"skip":true},{"start":{"line":280,"column":20},"end":{"line":281,"column":40},"skip":true},{"start":{"line":282,"column":20},"end":{"line":283,"column":39},"skip":true}]},"20":{"line":288,"type":"if","locations":[{"start":{"line":288,"column":8},"end":{"line":288,"column":8},"skip":true},{"start":{"line":288,"column":8},"end":{"line":288,"column":8},"skip":true}]},"21":{"line":288,"type":"binary-expr","locations":[{"start":{"line":288,"column":12},"end":{"line":288,"column":40},"skip":true},{"start":{"line":288,"column":44},"end":{"line":288,"column":67},"skip":true}]},"22":{"line":292,"type":"binary-expr","locations":[{"start":{"line":292,"column":12},"end":{"line":292,"column":50},"skip":true},{"start":{"line":293,"column":12},"end":{"line":293,"column":53},"skip":true}]},"23":{"line":295,"type":"binary-expr","locations":[{"start":{"line":295,"column":12},"end":{"line":295,"column":62},"skip":true},{"start":{"line":296,"column":12},"end":{"line":301,"column":36},"skip":true}]},"24":{"line":302,"type":"binary-expr","locations":[{"start":{"line":302,"column":43},"end":{"line":302,"column":75},"skip":true},{"start":{"line":302,"column":79},"end":{"line":302,"column":81},"skip":true}]},"25":{"line":305,"type":"if","locations":[{"start":{"line":305,"column":8},"end":{"line":305,"column":8},"skip":true},{"start":{"line":305,"column":8},"end":{"line":305,"column":8},"skip":true}]},"26":{"line":309,"type":"if","locations":[{"start":{"line":309,"column":8},"end":{"line":309,"column":8},"skip":true},{"start":{"line":309,"column":8},"end":{"line":309,"column":8},"skip":true}]},"27":{"line":312,"type":"binary-expr","locations":[{"start":{"line":312,"column":27},"end":{"line":312,"column":43},"skip":true},{"start":{"line":312,"column":47},"end":{"line":312,"column":53},"skip":true}]},"28":{"line":316,"type":"if","locations":[{"start":{"line":316,"column":12},"end":{"line":316,"column":12},"skip":true},{"start":{"line":316,"column":12},"end":{"line":316,"column":12},"skip":true}]}},"code":["/*","example.js","","quickstart example","","instruction","    1. save this script as example.js","    2. run the shell command:","        $ npm install npmtest-hoek && PORT=8081 node example.js","    3. play with the browser-demo on http://127.0.0.1:8081","*/","","","","/* istanbul instrument in package npmtest_hoek */","/*jslint","    bitwise: true,","    browser: true,","    maxerr: 8,","    maxlen: 96,","    node: true,","    nomen: true,","    regexp: true,","    stupid: true","*/","(function () {","    'use strict';","    var local;","","","","    // run shared js-env code - pre-init","    (function () {","        // init local","        local = {};","        // init modeJs","        local.modeJs = (function () {","            try {","                return typeof navigator.userAgent === 'string' &&","                    typeof document.querySelector('body') === 'object' &&","                    typeof XMLHttpRequest.prototype.open === 'function' &&","                    'browser';","            } catch (errorCaughtBrowser) {","                return module.exports &&","                    typeof process.versions.node === 'string' &&","                    typeof require('http').createServer === 'function' &&","                    'node';","            }","        }());","        // init global","        local.global = local.modeJs === 'browser'","            ? window","            : global;","        // init utility2_rollup","        local = local.global.utility2_rollup || (local.modeJs === 'browser'","            ? local.global.utility2_npmtest_hoek","            : global.utility2_moduleExports);","        // export local","        local.global.local = local;","    }());","    switch (local.modeJs) {","","","","    // post-init","    // run browser js-env code - post-init","    /* istanbul ignore next */","    case 'browser':","        local.testRunBrowser = function (event) {","            if (!event || (event &&","                    event.currentTarget &&","                    event.currentTarget.className &&","                    event.currentTarget.className.includes &&","                    event.currentTarget.className.includes('onreset'))) {","                // reset output","                Array.from(","                    document.querySelectorAll('body > .resettable')","                ).forEach(function (element) {","                    switch (element.tagName) {","                    case 'INPUT':","                    case 'TEXTAREA':","                        element.value = '';","                        break;","                    default:","                        element.textContent = '';","                    }","                });","            }","            switch (event && event.currentTarget && event.currentTarget.id) {","            case 'testRunButton1':","                // show tests","                if (document.querySelector('#testReportDiv1').style.display === 'none') {","                    document.querySelector('#testReportDiv1').style.display = 'block';","                    document.querySelector('#testRunButton1').textContent =","                        'hide internal test';","                    local.modeTest = true;","                    local.testRunDefault(local);","                // hide tests","                } else {","                    document.querySelector('#testReportDiv1').style.display = 'none';","                    document.querySelector('#testRunButton1').textContent = 'run internal test';","                }","                break;","            // custom-case","            default:","                break;","            }","            if (document.querySelector('#inputTextareaEval1') && (!event || (event &&","                    event.currentTarget &&","                    event.currentTarget.className &&","                    event.currentTarget.className.includes &&","                    event.currentTarget.className.includes('oneval')))) {","                // try to eval input-code","                try {","                    /*jslint evil: true*/","                    eval(document.querySelector('#inputTextareaEval1').value);","                } catch (errorCaught) {","                    console.error(errorCaught.stack);","                }","            }","        };","        // log stderr and stdout to #outputTextareaStdout1","        ['error', 'log'].forEach(function (key) {","            console[key + '_original'] = console[key];","            console[key] = function () {","                var element;","                console[key + '_original'].apply(console, arguments);","                element = document.querySelector('#outputTextareaStdout1');","                if (!element) {","                    return;","                }","                // append text to #outputTextareaStdout1","                element.value += Array.from(arguments).map(function (arg) {","                    return typeof arg === 'string'","                        ? arg","                        : JSON.stringify(arg, null, 4);","                }).join(' ') + '\\n';","                // scroll textarea to bottom","                element.scrollTop = element.scrollHeight;","            };","        });","        // init event-handling","        ['change', 'click', 'keyup'].forEach(function (event) {","            Array.from(document.querySelectorAll('.on' + event)).forEach(function (element) {","                element.addEventListener(event, local.testRunBrowser);","            });","        });","        // run tests","        local.testRunBrowser();","        break;","","","","    // run node js-env code - post-init","    /* istanbul ignore next */","    case 'node':","        // export local","        module.exports = local;","        // require modules","        local.fs = require('fs');","        local.http = require('http');","        local.url = require('url');","        // init assets","        local.assetsDict = local.assetsDict || {};","        /* jslint-ignore-begin */","        local.assetsDict['/assets.index.template.html'] = '\\","<!doctype html>\\n\\","<html lang=\"en\">\\n\\","<head>\\n\\","<meta charset=\"UTF-8\">\\n\\","<meta name=\"viewport\" content=\"width=device-width, initial-scale=1\">\\n\\","<title>{{env.npm_package_name}} (v{{env.npm_package_version}})</title>\\n\\","<style>\\n\\","/*csslint\\n\\","    box-sizing: false,\\n\\","    universal-selector: false\\n\\","*/\\n\\","* {\\n\\","    box-sizing: border-box;\\n\\","}\\n\\","body {\\n\\","    background: #dde;\\n\\","    font-family: Arial, Helvetica, sans-serif;\\n\\","    margin: 2rem;\\n\\","}\\n\\","body > * {\\n\\","    margin-bottom: 1rem;\\n\\","}\\n\\",".utility2FooterDiv {\\n\\","    margin-top: 20px;\\n\\","    text-align: center;\\n\\","}\\n\\","</style>\\n\\","<style>\\n\\","/*csslint\\n\\","*/\\n\\","textarea {\\n\\","    font-family: monospace;\\n\\","    height: 10rem;\\n\\","    width: 100%;\\n\\","}\\n\\","textarea[readonly] {\\n\\","    background: #ddd;\\n\\","}\\n\\","</style>\\n\\","</head>\\n\\","<body>\\n\\","<!-- utility2-comment\\n\\","<div id=\"ajaxProgressDiv1\" style=\"background: #d00; height: 2px; left: 0; margin: 0; padding: 0; position: fixed; top: 0; transition: background 0.5s, width 1.5s; width: 25%;\"></div>\\n\\","utility2-comment -->\\n\\","<h1>\\n\\","<!-- utility2-comment\\n\\","    <a\\n\\","        {{#if env.npm_package_homepage}}\\n\\","        href=\"{{env.npm_package_homepage}}\"\\n\\","        {{/if env.npm_package_homepage}}\\n\\","        target=\"_blank\"\\n\\","    >\\n\\","utility2-comment -->\\n\\","        {{env.npm_package_name}} (v{{env.npm_package_version}})\\n\\","<!-- utility2-comment\\n\\","    </a>\\n\\","utility2-comment -->\\n\\","</h1>\\n\\","<h3>{{env.npm_package_description}}</h3>\\n\\","<!-- utility2-comment\\n\\","<h4><a download href=\"assets.app.js\">download standalone app</a></h4>\\n\\","<button class=\"onclick onreset\" id=\"testRunButton1\">run internal test</button><br>\\n\\","<div id=\"testReportDiv1\" style=\"display: none;\"></div>\\n\\","utility2-comment -->\\n\\","\\n\\","\\n\\","\\n\\","<label>stderr and stdout</label>\\n\\","<textarea class=\"resettable\" id=\"outputTextareaStdout1\" readonly></textarea>\\n\\","<!-- utility2-comment\\n\\","{{#if isRollup}}\\n\\","<script src=\"assets.app.js\"></script>\\n\\","{{#unless isRollup}}\\n\\","utility2-comment -->\\n\\","<script src=\"assets.utility2.rollup.js\"></script>\\n\\","<script src=\"jsonp.utility2._stateInit?callback=window.utility2._stateInit\"></script>\\n\\","<script src=\"assets.npmtest_hoek.rollup.js\"></script>\\n\\","<script src=\"assets.example.js\"></script>\\n\\","<script src=\"assets.test.js\"></script>\\n\\","<!-- utility2-comment\\n\\","{{/if isRollup}}\\n\\","utility2-comment -->\\n\\","<div class=\"utility2FooterDiv\">\\n\\","    [ this app was created with\\n\\","    <a href=\"https://github.com/kaizhu256/node-utility2\" target=\"_blank\">utility2</a>\\n\\","    ]\\n\\","</div>\\n\\","</body>\\n\\","</html>\\n\\","';","        /* jslint-ignore-end */","        if (local.templateRender) {","            local.assetsDict['/'] = local.templateRender(","                local.assetsDict['/assets.index.template.html'],","                {","                    env: local.objectSetDefault(local.env, {","                        npm_package_description: 'the greatest app in the world!',","                        npm_package_name: 'my-app',","                        npm_package_nameAlias: 'my_app',","                        npm_package_version: '0.0.1'","                    })","                }","            );","        } else {","            local.assetsDict['/'] = local.assetsDict['/assets.index.template.html']","                .replace((/\\{\\{env\\.(\\w+?)\\}\\}/g), function (match0, match1) {","                    // jslint-hack","                    String(match0);","                    switch (match1) {","                    case 'npm_package_description':","                        return 'the greatest app in the world!';","                    case 'npm_package_name':","                        return 'my-app';","                    case 'npm_package_nameAlias':","                        return 'my_app';","                    case 'npm_package_version':","                        return '0.0.1';","                    }","                });","        }","        // run the cli","        if (local.global.utility2_rollup || module !== require.main) {","            break;","        }","        local.assetsDict['/assets.example.js'] =","            local.assetsDict['/assets.example.js'] ||","            local.fs.readFileSync(__filename, 'utf8');","        local.assetsDict['/assets.npmtest_hoek.rollup.js'] =","            local.assetsDict['/assets.npmtest_hoek.rollup.js'] ||","            local.fs.readFileSync(","                // buildCustomOrg-hack","                local.npmtest_hoek.__dirname +","                    '/lib.npmtest_hoek.js',","                'utf8'","            ).replace((/^#!/), '//');","        local.assetsDict['/favicon.ico'] = local.assetsDict['/favicon.ico'] || '';","        // if $npm_config_timeout_exit exists,","        // then exit this process after $npm_config_timeout_exit ms","        if (Number(process.env.npm_config_timeout_exit)) {","            setTimeout(process.exit, Number(process.env.npm_config_timeout_exit));","        }","        // start server","        if (local.global.utility2_serverHttp1) {","            break;","        }","        process.env.PORT = process.env.PORT || '8081';","        console.error('server starting on port ' + process.env.PORT);","        local.http.createServer(function (request, response) {","            request.urlParsed = local.url.parse(request.url);","            if (local.assetsDict[request.urlParsed.pathname] !== undefined) {","                response.end(local.assetsDict[request.urlParsed.pathname]);","                return;","            }","            response.statusCode = 404;","            response.end();","        }).listen(process.env.PORT);","        break;","    }","}());",""],"l":{"26":2,"28":2,"33":2,"35":2,"37":2,"38":2,"39":2,"44":1,"51":2,"55":2,"59":2,"61":2,"69":1,"70":2,"76":2,"79":2,"82":2,"83":2,"85":1,"89":2,"92":1,"93":1,"94":1,"96":1,"97":1,"100":1,"101":1,"103":1,"106":1,"108":2,"114":1,"116":1,"118":1,"123":1,"124":2,"125":2,"126":2,"127":2,"128":2,"129":2,"130":1,"133":2,"134":2,"139":2,"143":1,"144":3,"145":1,"149":1,"150":1,"158":1,"160":1,"161":1,"162":1,"164":1,"166":1,"258":1,"259":1,"271":1,"274":6,"275":6,"277":1,"279":2,"281":1,"283":2,"288":1,"289":1,"291":1,"294":1,"302":1,"305":1,"306":1,"309":1,"310":1,"312":1,"313":1,"314":1,"315":1,"316":1,"317":1,"318":1,"320":1,"321":1,"323":1}},"/home/travis/build/npmtest/node-npmtest-hoek/hoek/lib/index.js":{"path":"/home/travis/build/npmtest/node-npmtest-hoek/hoek/lib/index.js","s":{"1":1,"2":1,"3":1,"4":1,"5":1,"6":1,"7":0,"8":0,"9":0,"10":0,"11":0,"12":0,"13":0,"14":0,"15":0,"16":0,"17":0,"18":0,"19":0,"20":0,"21":0,"22":0,"23":0,"24":0,"25":0,"26":0,"27":0,"28":0,"29":0,"30":0,"31":0,"32":0,"33":0,"34":0,"35":0,"36":0,"37":0,"38":0,"39":1,"40":0,"41":0,"42":0,"43":0,"44":0,"45":0,"46":0,"47":0,"48":0,"49":0,"50":0,"51":0,"52":0,"53":0,"54":0,"55":0,"56":0,"57":0,"58":0,"59":0,"60":0,"61":0,"62":0,"63":0,"64":1,"65":0,"66":0,"67":0,"68":0,"69":0,"70":0,"71":0,"72":0,"73":1,"74":0,"75":0,"76":0,"77":0,"78":0,"79":0,"80":1,"81":0,"82":0,"83":0,"84":0,"85":0,"86":0,"87":0,"88":0,"89":1,"90":0,"91":0,"92":0,"93":0,"94":0,"95":1,"96":0,"97":0,"98":0,"99":0,"100":0,"101":0,"102":0,"103":1,"104":0,"105":0,"106":0,"107":0,"108":0,"109":0,"110":0,"111":0,"112":0,"113":0,"114":0,"115":0,"116":1,"117":0,"118":0,"119":0,"120":0,"121":0,"122":0,"123":0,"124":0,"125":0,"126":0,"127":0,"128":0,"129":0,"130":0,"131":0,"132":0,"133":0,"134":0,"135":0,"136":0,"137":0,"138":0,"139":0,"140":0,"141":0,"142":0,"143":0,"144":0,"145":0,"146":0,"147":0,"148":0,"149":0,"150":0,"151":0,"152":0,"153":0,"154":0,"155":0,"156":0,"157":0,"158":0,"159":0,"160":0,"161":0,"162":0,"163":0,"164":0,"165":0,"166":0,"167":0,"168":0,"169":0,"170":0,"171":0,"172":0,"173":1,"174":0,"175":0,"176":0,"177":0,"178":0,"179":0,"180":0,"181":0,"182":0,"183":0,"184":0,"185":1,"186":0,"187":0,"188":0,"189":0,"190":0,"191":0,"192":0,"193":0,"194":0,"195":1,"196":0,"197":0,"198":0,"199":0,"200":0,"201":0,"202":0,"203":0,"204":0,"205":0,"206":0,"207":0,"208":1,"209":0,"210":0,"211":0,"212":0,"213":0,"214":0,"215":0,"216":0,"217":0,"218":0,"219":0,"220":0,"221":0,"222":0,"223":0,"224":0,"225":0,"226":0,"227":0,"228":0,"229":0,"230":0,"231":0,"232":0,"233":0,"234":0,"235":0,"236":0,"237":0,"238":0,"239":0,"240":0,"241":0,"242":0,"243":0,"244":0,"245":0,"246":0,"247":0,"248":0,"249":0,"250":0,"251":0,"252":0,"253":0,"254":0,"255":0,"256":0,"257":0,"258":0,"259":0,"260":0,"261":0,"262":0,"263":0,"264":0,"265":0,"266":0,"267":0,"268":1,"269":0,"270":0,"271":0,"272":0,"273":0,"274":0,"275":1,"276":0,"277":0,"278":0,"279":0,"280":0,"281":0,"282":0,"283":0,"284":0,"285":0,"286":0,"287":0,"288":0,"289":0,"290":0,"291":0,"292":0,"293":0,"294":0,"295":1,"296":0,"297":0,"298":0,"299":1,"300":0,"301":0,"302":0,"303":0,"304":0,"305":1,"306":0,"307":0,"308":0,"309":0,"310":0,"311":1,"312":0,"313":0,"314":0,"315":0,"316":0,"317":0,"318":0,"319":0,"320":0,"321":1,"322":0,"323":0,"324":1,"325":1,"326":0,"327":0,"328":0,"329":0,"330":0,"331":0,"332":0,"333":1,"334":0,"335":0,"336":0,"337":0,"338":0,"339":0,"340":0,"341":0,"342":0,"343":0,"344":0,"345":1,"346":0,"347":0,"348":1,"349":0,"350":1,"351":0,"352":1,"353":0,"354":0,"355":1,"356":0,"357":1,"358":0,"359":1,"360":0,"361":0,"362":1,"363":0,"364":1,"365":0,"366":0,"367":0,"368":1,"369":0,"370":0,"371":0,"372":0,"373":0,"374":0,"375":1,"376":0,"377":0,"378":1,"379":0,"380":1,"381":0,"382":1,"383":0,"384":0,"385":0,"386":0,"387":1,"388":0,"389":0,"390":0,"391":0,"392":0,"393":0,"394":0,"395":0,"396":0,"397":1,"398":1,"399":1,"400":1,"401":1,"402":0,"403":0,"404":0,"405":0,"406":0,"407":0,"408":0,"409":0,"410":0,"411":0,"412":0,"413":0,"414":0,"415":0,"416":0,"417":0,"418":0,"419":0,"420":0,"421":0,"422":0,"423":0,"424":0,"425":0,"426":1,"427":0,"428":0,"429":0,"430":0,"431":0,"432":0,"433":1,"434":0,"435":0,"436":0,"437":1,"438":0,"439":0,"440":0,"441":0,"442":0,"443":0},"b":{"1":[0,0],"2":[0,0],"3":[0,0],"4":[0,0],"5":[0,0],"6":[0,0],"7":[0,0],"8":[0,0],"9":[0,0],"10":[0,0],"11":[0,0],"12":[0,0],"13":[0,0,0],"14":[0,0],"15":[0,0,0],"16":[0,0],"17":[0,0],"18":[0,0],"19":[0,0],"20":[0,0],"21":[0,0],"22":[0,0,0,0,0,0],"23":[0,0],"24":[0,0],"25":[0,0],"26":[0,0],"27":[0,0,0],"28":[0,0],"29":[0,0],"30":[0,0],"31":[0,0],"32":[0,0],"33":[0,0],"34":[0,0],"35":[0,0,0],"36":[0,0],"37":[0,0],"38":[0,0],"39":[0,0],"40":[0,0],"41":[0,0],"42":[0,0,0],"43":[0,0],"44":[0,0],"45":[0,0],"46":[0,0],"47":[0,0],"48":[0,0],"49":[0,0],"50":[0,0],"51":[0,0],"52":[0,0],"53":[0,0],"54":[0,0],"55":[0,0],"56":[0,0],"57":[0,0],"58":[0,0],"59":[0,0],"60":[0,0],"61":[0,0],"62":[0,0],"63":[0,0],"64":[0,0],"65":[0,0],"66":[0,0],"67":[0,0],"68":[0,0],"69":[0,0],"70":[0,0],"71":[0,0],"72":[0,0],"73":[0,0],"74":[0,0],"75":[0,0],"76":[0,0],"77":[0,0],"78":[0,0],"79":[0,0],"80":[0,0],"81":[0,0],"82":[0,0],"83":[0,0,0,0],"84":[0,0],"85":[0,0],"86":[0,0],"87":[0,0],"88":[0,0],"89":[0,0],"90":[0,0],"91":[0,0],"92":[0,0],"93":[0,0],"94":[0,0],"95":[0,0],"96":[0,0],"97":[0,0],"98":[0,0],"99":[0,0],"100":[0,0],"101":[0,0],"102":[0,0,0,0],"103":[0,0],"104":[0,0],"105":[0,0],"106":[0,0],"107":[0,0],"108":[0,0,0],"109":[0,0],"110":[0,0],"111":[0,0],"112":[0,0],"113":[0,0],"114":[0,0],"115":[0,0,0,0],"116":[0,0,0],"117":[0,0],"118":[0,0,0],"119":[0,0],"120":[0,0],"121":[0,0],"122":[0,0],"123":[0,0],"124":[0,0],"125":[0,0],"126":[0,0],"127":[0,0],"128":[0,0],"129":[0,0],"130":[0,0],"131":[0,0],"132":[0,0],"133":[0,0],"134":[0,0],"135":[0,0],"136":[0,0],"137":[0,0],"138":[0,0],"139":[0,0],"140":[0,0],"141":[0,0],"142":[0,0],"143":[0,0,0,0],"144":[0,0],"145":[0,0],"146":[0,0],"147":[0,0],"148":[0,0],"149":[0,0],"150":[0,0]},"f":{"1":0,"2":0,"3":0,"4":0,"5":0,"6":0,"7":0,"8":0,"9":0,"10":0,"11":0,"12":0,"13":0,"14":0,"15":0,"16":0,"17":0,"18":0,"19":0,"20":0,"21":0,"22":0,"23":0,"24":0,"25":0,"26":0,"27":0,"28":0,"29":0,"30":0,"31":0,"32":0,"33":0,"34":0,"35":0,"36":0,"37":0,"38":0,"39":0,"40":0,"41":0,"42":0,"43":0,"44":0},"fnMap":{"1":{"name":"(anonymous_1)","line":18,"loc":{"start":{"line":18,"column":16},"end":{"line":18,"column":37}}},"2":{"name":"(anonymous_2)","line":90,"loc":{"start":{"line":90,"column":16},"end":{"line":90,"column":99}}},"3":{"name":"(anonymous_3)","line":151,"loc":{"start":{"line":151,"column":26},"end":{"line":151,"column":71}}},"4":{"name":"(anonymous_4)","line":172,"loc":{"start":{"line":172,"column":27},"end":{"line":172,"column":51}}},"5":{"name":"(anonymous_5)","line":187,"loc":{"start":{"line":187,"column":18},"end":{"line":187,"column":42}}},"6":{"name":"(anonymous_6)","line":203,"loc":{"start":{"line":203,"column":20},"end":{"line":203,"column":53}}},"7":{"name":"(anonymous_7)","line":214,"loc":{"start":{"line":214,"column":21},"end":{"line":214,"column":48}}},"8":{"name":"(anonymous_8)","line":231,"loc":{"start":{"line":231,"column":37},"end":{"line":231,"column":72}}},"9":{"name":"(anonymous_9)","line":256,"loc":{"start":{"line":256,"column":20},"end":{"line":256,"column":55}}},"10":{"name":"(anonymous_10)","line":396,"loc":{"start":{"line":396,"column":22},"end":{"line":396,"column":44}}},"11":{"name":"(anonymous_11)","line":420,"loc":{"start":{"line":420,"column":20},"end":{"line":420,"column":57}}},"12":{"name":"(anonymous_12)","line":446,"loc":{"start":{"line":446,"column":18},"end":{"line":446,"column":50}}},"13":{"name":"(anonymous_13)","line":572,"loc":{"start":{"line":572,"column":18},"end":{"line":572,"column":43}}},"14":{"name":"(anonymous_14)","line":591,"loc":{"start":{"line":591,"column":16},"end":{"line":591,"column":47}}},"15":{"name":"(anonymous_15)","line":631,"loc":{"start":{"line":631,"column":24},"end":{"line":631,"column":58}}},"16":{"name":"(anonymous_16)","line":641,"loc":{"start":{"line":641,"column":22},"end":{"line":641,"column":39}}},"17":{"name":"(anonymous_17)","line":653,"loc":{"start":{"line":653,"column":22},"end":{"line":653,"column":39}}},"18":{"name":"(anonymous_18)","line":666,"loc":{"start":{"line":666,"column":20},"end":{"line":666,"column":37}}},"19":{"name":"(anonymous_19)","line":671,"loc":{"start":{"line":671,"column":30},"end":{"line":671,"column":50}}},"20":{"name":"(anonymous_20)","line":688,"loc":{"start":{"line":688,"column":23},"end":{"line":688,"column":40}}},"21":{"name":"(anonymous_21)","line":699,"loc":{"start":{"line":699,"column":16},"end":{"line":699,"column":46}}},"22":{"name":"(anonymous_22)","line":714,"loc":{"start":{"line":714,"column":17},"end":{"line":714,"column":62}}},"23":{"name":"(anonymous_23)","line":740,"loc":{"start":{"line":740,"column":16},"end":{"line":740,"column":28}}},"24":{"name":"(anonymous_24)","line":747,"loc":{"start":{"line":747,"column":32},"end":{"line":747,"column":44}}},"25":{"name":"(anonymous_25)","line":753,"loc":{"start":{"line":753,"column":34},"end":{"line":753,"column":46}}},"26":{"name":"(anonymous_26)","line":759,"loc":{"start":{"line":759,"column":16},"end":{"line":759,"column":28}}},"27":{"name":"(anonymous_27)","line":766,"loc":{"start":{"line":766,"column":32},"end":{"line":766,"column":44}}},"28":{"name":"(anonymous_28)","line":772,"loc":{"start":{"line":772,"column":34},"end":{"line":772,"column":46}}},"29":{"name":"(anonymous_29)","line":778,"loc":{"start":{"line":778,"column":20},"end":{"line":778,"column":32}}},"30":{"name":"(anonymous_30)","line":787,"loc":{"start":{"line":787,"column":22},"end":{"line":787,"column":40}}},"31":{"name":"(anonymous_31)","line":796,"loc":{"start":{"line":796,"column":26},"end":{"line":796,"column":53}}},"32":{"name":"(anonymous_32)","line":806,"loc":{"start":{"line":806,"column":26},"end":{"line":806,"column":53}}},"33":{"name":"(anonymous_33)","line":825,"loc":{"start":{"line":825,"column":32},"end":{"line":825,"column":53}}},"34":{"name":"(anonymous_34)","line":835,"loc":{"start":{"line":835,"column":21},"end":{"line":835,"column":39}}},"35":{"name":"(anonymous_35)","line":841,"loc":{"start":{"line":841,"column":27},"end":{"line":841,"column":45}}},"36":{"name":"(anonymous_36)","line":847,"loc":{"start":{"line":847,"column":19},"end":{"line":847,"column":39}}},"37":{"name":"(anonymous_37)","line":849,"loc":{"start":{"line":849,"column":11},"end":{"line":849,"column":23}}},"38":{"name":"(anonymous_38)","line":860,"loc":{"start":{"line":860,"column":15},"end":{"line":860,"column":33}}},"39":{"name":"(anonymous_39)","line":867,"loc":{"start":{"line":867,"column":20},"end":{"line":867,"column":32}}},"40":{"name":"(anonymous_40)","line":884,"loc":{"start":{"line":884,"column":17},"end":{"line":884,"column":29}}},"41":{"name":"(anonymous_41)","line":893,"loc":{"start":{"line":893,"column":20},"end":{"line":893,"column":58}}},"42":{"name":"(anonymous_42)","line":934,"loc":{"start":{"line":934,"column":25},"end":{"line":934,"column":52}}},"43":{"name":"(anonymous_43)","line":949,"loc":{"start":{"line":949,"column":20},"end":{"line":949,"column":32}}},"44":{"name":"(anonymous_44)","line":960,"loc":{"start":{"line":960,"column":18},"end":{"line":960,"column":36}}}},"statementMap":{"1":{"start":{"line":5,"column":0},"end":{"line":5,"column":33}},"2":{"start":{"line":6,"column":0},"end":{"line":6,"column":29}},"3":{"start":{"line":7,"column":0},"end":{"line":7,"column":29}},"4":{"start":{"line":8,"column":0},"end":{"line":8,"column":35}},"5":{"start":{"line":13,"column":0},"end":{"line":13,"column":21}},"6":{"start":{"line":18,"column":0},"end":{"line":84,"column":2}},"7":{"start":{"line":20,"column":4},"end":{"line":24,"column":5}},"8":{"start":{"line":23,"column":8},"end":{"line":23,"column":19}},"9":{"start":{"line":26,"column":4},"end":{"line":26,"column":29}},"10":{"start":{"line":28,"column":4},"end":{"line":28,"column":33}},"11":{"start":{"line":29,"column":4},"end":{"line":31,"column":5}},"12":{"start":{"line":30,"column":8},"end":{"line":30,"column":22}},"13":{"start":{"line":33,"column":4},"end":{"line":33,"column":15}},"14":{"start":{"line":34,"column":4},"end":{"line":34,"column":26}},"15":{"start":{"line":36,"column":4},"end":{"line":62,"column":5}},"16":{"start":{"line":37,"column":8},"end":{"line":57,"column":9}},"17":{"start":{"line":38,"column":12},"end":{"line":38,"column":37}},"18":{"start":{"line":40,"column":13},"end":{"line":57,"column":9}},"19":{"start":{"line":41,"column":12},"end":{"line":41,"column":45}},"20":{"start":{"line":43,"column":13},"end":{"line":57,"column":9}},"21":{"start":{"line":44,"column":12},"end":{"line":44,"column":37}},"22":{"start":{"line":47,"column":12},"end":{"line":47,"column":53}},"23":{"start":{"line":48,"column":12},"end":{"line":56,"column":13}},"24":{"start":{"line":51,"column":16},"end":{"line":51,"column":29}},"25":{"start":{"line":54,"column":16},"end":{"line":54,"column":46}},"26":{"start":{"line":55,"column":16},"end":{"line":55,"column":33}},"27":{"start":{"line":60,"column":8},"end":{"line":60,"column":20}},"28":{"start":{"line":61,"column":8},"end":{"line":61,"column":25}},"29":{"start":{"line":64,"column":4},"end":{"line":64,"column":26}},"30":{"start":{"line":66,"column":4},"end":{"line":81,"column":5}},"31":{"start":{"line":67,"column":8},"end":{"line":67,"column":53}},"32":{"start":{"line":68,"column":8},"end":{"line":80,"column":9}},"33":{"start":{"line":69,"column":12},"end":{"line":69,"column":32}},"34":{"start":{"line":70,"column":12},"end":{"line":70,"column":73}},"35":{"start":{"line":71,"column":12},"end":{"line":79,"column":13}},"36":{"start":{"line":75,"column":16},"end":{"line":75,"column":63}},"37":{"start":{"line":78,"column":16},"end":{"line":78,"column":60}},"38":{"start":{"line":83,"column":4},"end":{"line":83,"column":18}},"39":{"start":{"line":90,"column":0},"end":{"line":146,"column":2}},"40":{"start":{"line":93,"column":4},"end":{"line":93,"column":100}},"41":{"start":{"line":94,"column":4},"end":{"line":94,"column":153}},"42":{"start":{"line":96,"column":4},"end":{"line":98,"column":5}},"43":{"start":{"line":97,"column":8},"end":{"line":97,"column":22}},"44":{"start":{"line":100,"column":4},"end":{"line":111,"column":5}},"45":{"start":{"line":101,"column":8},"end":{"line":101,"column":83}},"46":{"start":{"line":102,"column":8},"end":{"line":104,"column":9}},"47":{"start":{"line":103,"column":12},"end":{"line":103,"column":30}},"48":{"start":{"line":106,"column":8},"end":{"line":108,"column":9}},"49":{"start":{"line":107,"column":12},"end":{"line":107,"column":50}},"50":{"start":{"line":110,"column":8},"end":{"line":110,"column":22}},"51":{"start":{"line":113,"column":4},"end":{"line":113,"column":37}},"52":{"start":{"line":114,"column":4},"end":{"line":143,"column":5}},"53":{"start":{"line":115,"column":8},"end":{"line":115,"column":28}},"54":{"start":{"line":116,"column":8},"end":{"line":116,"column":34}},"55":{"start":{"line":117,"column":8},"end":{"line":142,"column":9}},"56":{"start":{"line":120,"column":12},"end":{"line":131,"column":13}},"57":{"start":{"line":127,"column":16},"end":{"line":127,"column":51}},"58":{"start":{"line":130,"column":16},"end":{"line":130,"column":81}},"59":{"start":{"line":134,"column":12},"end":{"line":141,"column":13}},"60":{"start":{"line":137,"column":16},"end":{"line":137,"column":36}},"61":{"start":{"line":139,"column":17},"end":{"line":141,"column":13}},"62":{"start":{"line":140,"column":16},"end":{"line":140,"column":36}},"63":{"start":{"line":145,"column":4},"end":{"line":145,"column":18}},"64":{"start":{"line":151,"column":0},"end":{"line":167,"column":2}},"65":{"start":{"line":153,"column":4},"end":{"line":153,"column":106}},"66":{"start":{"line":154,"column":4},"end":{"line":154,"column":139}},"67":{"start":{"line":156,"column":4},"end":{"line":158,"column":5}},"68":{"start":{"line":157,"column":8},"end":{"line":157,"column":20}},"69":{"start":{"line":160,"column":4},"end":{"line":160,"column":41}},"70":{"start":{"line":162,"column":4},"end":{"line":164,"column":5}},"71":{"start":{"line":163,"column":8},"end":{"line":163,"column":20}},"72":{"start":{"line":166,"column":4},"end":{"line":166,"column":72}},"73":{"start":{"line":172,"column":0},"end":{"line":184,"column":2}},"74":{"start":{"line":174,"column":4},"end":{"line":178,"column":5}},"75":{"start":{"line":177,"column":8},"end":{"line":177,"column":22}},"76":{"start":{"line":180,"column":4},"end":{"line":180,"column":50}},"77":{"start":{"line":181,"column":4},"end":{"line":181,"column":39}},"78":{"start":{"line":182,"column":4},"end":{"line":182,"column":45}},"79":{"start":{"line":183,"column":4},"end":{"line":183,"column":16}},"80":{"start":{"line":187,"column":0},"end":{"line":200,"column":2}},"81":{"start":{"line":189,"column":4},"end":{"line":189,"column":23}},"82":{"start":{"line":190,"column":4},"end":{"line":197,"column":5}},"83":{"start":{"line":191,"column":8},"end":{"line":191,"column":28}},"84":{"start":{"line":192,"column":8},"end":{"line":192,"column":49}},"85":{"start":{"line":193,"column":8},"end":{"line":196,"column":9}},"86":{"start":{"line":194,"column":12},"end":{"line":194,"column":33}},"87":{"start":{"line":195,"column":12},"end":{"line":195,"column":55}},"88":{"start":{"line":199,"column":4},"end":{"line":199,"column":19}},"89":{"start":{"line":203,"column":0},"end":{"line":211,"column":2}},"90":{"start":{"line":205,"column":4},"end":{"line":205,"column":38}},"91":{"start":{"line":206,"column":4},"end":{"line":210,"column":5}},"92":{"start":{"line":207,"column":8},"end":{"line":207,"column":28}},"93":{"start":{"line":208,"column":8},"end":{"line":208,"column":52}},"94":{"start":{"line":209,"column":8},"end":{"line":209,"column":54}},"95":{"start":{"line":214,"column":0},"end":{"line":226,"column":2}},"96":{"start":{"line":216,"column":4},"end":{"line":216,"column":32}},"97":{"start":{"line":217,"column":4},"end":{"line":217,"column":18}},"98":{"start":{"line":218,"column":4},"end":{"line":225,"column":5}},"99":{"start":{"line":219,"column":8},"end":{"line":219,"column":32}},"100":{"start":{"line":220,"column":8},"end":{"line":222,"column":9}},"101":{"start":{"line":221,"column":12},"end":{"line":221,"column":33}},"102":{"start":{"line":224,"column":8},"end":{"line":224,"column":27}},"103":{"start":{"line":231,"column":0},"end":{"line":251,"column":2}},"104":{"start":{"line":233,"column":4},"end":{"line":233,"column":106}},"105":{"start":{"line":234,"column":4},"end":{"line":234,"column":139}},"106":{"start":{"line":235,"column":4},"end":{"line":235,"column":64}},"107":{"start":{"line":237,"column":4},"end":{"line":239,"column":5}},"108":{"start":{"line":238,"column":8},"end":{"line":238,"column":20}},"109":{"start":{"line":241,"column":4},"end":{"line":241,"column":58}},"110":{"start":{"line":243,"column":4},"end":{"line":245,"column":5}},"111":{"start":{"line":244,"column":8},"end":{"line":244,"column":20}},"112":{"start":{"line":247,"column":4},"end":{"line":247,"column":51}},"113":{"start":{"line":248,"column":4},"end":{"line":248,"column":47}},"114":{"start":{"line":249,"column":4},"end":{"line":249,"column":46}},"115":{"start":{"line":250,"column":4},"end":{"line":250,"column":16}},"116":{"start":{"line":256,"column":0},"end":{"line":366,"column":2}},"117":{"start":{"line":258,"column":4},"end":{"line":258,"column":45}},"118":{"start":{"line":260,"column":4},"end":{"line":260,"column":28}},"119":{"start":{"line":262,"column":4},"end":{"line":264,"column":5}},"120":{"start":{"line":263,"column":8},"end":{"line":263,"column":21}},"121":{"start":{"line":266,"column":4},"end":{"line":275,"column":5}},"122":{"start":{"line":270,"column":8},"end":{"line":272,"column":9}},"123":{"start":{"line":271,"column":12},"end":{"line":271,"column":52}},"124":{"start":{"line":274,"column":8},"end":{"line":274,"column":42}},"125":{"start":{"line":277,"column":4},"end":{"line":277,"column":22}},"126":{"start":{"line":278,"column":4},"end":{"line":280,"column":5}},"127":{"start":{"line":279,"column":8},"end":{"line":279,"column":20}},"128":{"start":{"line":282,"column":4},"end":{"line":282,"column":19}},"129":{"start":{"line":284,"column":4},"end":{"line":312,"column":5}},"130":{"start":{"line":285,"column":8},"end":{"line":287,"column":9}},"131":{"start":{"line":286,"column":12},"end":{"line":286,"column":25}},"132":{"start":{"line":289,"column":8},"end":{"line":291,"column":9}},"133":{"start":{"line":290,"column":12},"end":{"line":290,"column":25}},"134":{"start":{"line":293,"column":8},"end":{"line":309,"column":9}},"135":{"start":{"line":294,"column":12},"end":{"line":304,"column":13}},"136":{"start":{"line":295,"column":16},"end":{"line":295,"column":34}},"137":{"start":{"line":296,"column":16},"end":{"line":301,"column":17}},"138":{"start":{"line":297,"column":20},"end":{"line":300,"column":21}},"139":{"start":{"line":298,"column":24},"end":{"line":298,"column":37}},"140":{"start":{"line":299,"column":24},"end":{"line":299,"column":30}},"141":{"start":{"line":303,"column":16},"end":{"line":303,"column":29}},"142":{"start":{"line":306,"column":12},"end":{"line":308,"column":13}},"143":{"start":{"line":307,"column":16},"end":{"line":307,"column":29}},"144":{"start":{"line":311,"column":8},"end":{"line":311,"column":20}},"145":{"start":{"line":314,"column":4},"end":{"line":330,"column":5}},"146":{"start":{"line":315,"column":8},"end":{"line":317,"column":9}},"147":{"start":{"line":316,"column":12},"end":{"line":316,"column":25}},"148":{"start":{"line":319,"column":8},"end":{"line":321,"column":9}},"149":{"start":{"line":320,"column":12},"end":{"line":320,"column":25}},"150":{"start":{"line":323,"column":8},"end":{"line":327,"column":9}},"151":{"start":{"line":324,"column":12},"end":{"line":326,"column":13}},"152":{"start":{"line":325,"column":16},"end":{"line":325,"column":29}},"153":{"start":{"line":329,"column":8},"end":{"line":329,"column":20}},"154":{"start":{"line":332,"column":4},"end":{"line":334,"column":5}},"155":{"start":{"line":333,"column":8},"end":{"line":333,"column":72}},"156":{"start":{"line":336,"column":4},"end":{"line":338,"column":5}},"157":{"start":{"line":337,"column":8},"end":{"line":337,"column":76}},"158":{"start":{"line":340,"column":4},"end":{"line":344,"column":5}},"159":{"start":{"line":341,"column":8},"end":{"line":343,"column":9}},"160":{"start":{"line":342,"column":12},"end":{"line":342,"column":25}},"161":{"start":{"line":346,"column":4},"end":{"line":346,"column":49}},"162":{"start":{"line":348,"column":4},"end":{"line":350,"column":5}},"163":{"start":{"line":349,"column":8},"end":{"line":349,"column":21}},"164":{"start":{"line":352,"column":4},"end":{"line":363,"column":5}},"165":{"start":{"line":353,"column":8},"end":{"line":353,"column":28}},"166":{"start":{"line":354,"column":8},"end":{"line":354,"column":69}},"167":{"start":{"line":355,"column":8},"end":{"line":362,"column":9}},"168":{"start":{"line":356,"column":12},"end":{"line":358,"column":13}},"169":{"start":{"line":357,"column":16},"end":{"line":357,"column":29}},"170":{"start":{"line":360,"column":13},"end":{"line":362,"column":9}},"171":{"start":{"line":361,"column":12},"end":{"line":361,"column":25}},"172":{"start":{"line":365,"column":4},"end":{"line":365,"column":16}},"173":{"start":{"line":371,"column":0},"end":{"line":391,"column":2}},"174":{"start":{"line":373,"column":4},"end":{"line":373,"column":15}},"175":{"start":{"line":374,"column":4},"end":{"line":388,"column":5}},"176":{"start":{"line":375,"column":8},"end":{"line":375,"column":20}},"177":{"start":{"line":376,"column":8},"end":{"line":376,"column":32}},"178":{"start":{"line":377,"column":8},"end":{"line":384,"column":11}},"179":{"start":{"line":379,"column":12},"end":{"line":379,"column":41}},"180":{"start":{"line":380,"column":12},"end":{"line":383,"column":13}},"181":{"start":{"line":381,"column":16},"end":{"line":381,"column":38}},"182":{"start":{"line":382,"column":16},"end":{"line":382,"column":34}},"183":{"start":{"line":387,"column":8},"end":{"line":387,"column":44}},"184":{"start":{"line":390,"column":4},"end":{"line":390,"column":18}},"185":{"start":{"line":396,"column":0},"end":{"line":415,"column":2}},"186":{"start":{"line":398,"column":4},"end":{"line":400,"column":5}},"187":{"start":{"line":399,"column":8},"end":{"line":399,"column":20}},"188":{"start":{"line":402,"column":4},"end":{"line":402,"column":19}},"189":{"start":{"line":403,"column":4},"end":{"line":412,"column":5}},"190":{"start":{"line":404,"column":8},"end":{"line":411,"column":9}},"191":{"start":{"line":405,"column":12},"end":{"line":407,"column":13}},"192":{"start":{"line":406,"column":16},"end":{"line":406,"column":42}},"193":{"start":{"line":410,"column":12},"end":{"line":410,"column":33}},"194":{"start":{"line":414,"column":4},"end":{"line":414,"column":15}},"195":{"start":{"line":420,"column":0},"end":{"line":441,"column":2}},"196":{"start":{"line":422,"column":4},"end":{"line":424,"column":5}},"197":{"start":{"line":423,"column":8},"end":{"line":423,"column":18}},"198":{"start":{"line":426,"column":4},"end":{"line":426,"column":22}},"199":{"start":{"line":427,"column":4},"end":{"line":427,"column":80}},"200":{"start":{"line":428,"column":4},"end":{"line":428,"column":21}},"201":{"start":{"line":429,"column":4},"end":{"line":438,"column":5}},"202":{"start":{"line":430,"column":8},"end":{"line":437,"column":9}},"203":{"start":{"line":431,"column":12},"end":{"line":433,"column":13}},"204":{"start":{"line":432,"column":16},"end":{"line":432,"column":33}},"205":{"start":{"line":435,"column":12},"end":{"line":435,"column":35}},"206":{"start":{"line":436,"column":12},"end":{"line":436,"column":36}},"207":{"start":{"line":440,"column":4},"end":{"line":440,"column":39}},"208":{"start":{"line":446,"column":0},"end":{"line":567,"column":2}},"209":{"start":{"line":455,"column":4},"end":{"line":455,"column":26}},"210":{"start":{"line":456,"column":4},"end":{"line":466,"column":5}},"211":{"start":{"line":461,"column":8},"end":{"line":461,"column":28}},"212":{"start":{"line":462,"column":8},"end":{"line":462,"column":37}},"213":{"start":{"line":465,"column":8},"end":{"line":465,"column":35}},"214":{"start":{"line":468,"column":4},"end":{"line":468,"column":28}},"215":{"start":{"line":470,"column":4},"end":{"line":470,"column":68}},"216":{"start":{"line":471,"column":4},"end":{"line":471,"column":112}},"217":{"start":{"line":472,"column":4},"end":{"line":472,"column":66}},"218":{"start":{"line":474,"column":4},"end":{"line":474,"column":16}},"219":{"start":{"line":475,"column":4},"end":{"line":475,"column":21}},"220":{"start":{"line":476,"column":4},"end":{"line":489,"column":5}},"221":{"start":{"line":477,"column":8},"end":{"line":477,"column":36}},"222":{"start":{"line":479,"column":8},"end":{"line":479,"column":55}},"223":{"start":{"line":480,"column":8},"end":{"line":480,"column":55}},"224":{"start":{"line":482,"column":8},"end":{"line":485,"column":10}},"225":{"start":{"line":488,"column":8},"end":{"line":488,"column":36}},"226":{"start":{"line":488,"column":28},"end":{"line":488,"column":35}},"227":{"start":{"line":491,"column":4},"end":{"line":491,"column":23}},"228":{"start":{"line":492,"column":4},"end":{"line":492,"column":45}},"229":{"start":{"line":493,"column":4},"end":{"line":495,"column":5}},"230":{"start":{"line":494,"column":8},"end":{"line":494,"column":23}},"231":{"start":{"line":497,"column":4},"end":{"line":548,"column":5}},"232":{"start":{"line":498,"column":8},"end":{"line":498,"column":26}},"233":{"start":{"line":499,"column":8},"end":{"line":503,"column":9}},"234":{"start":{"line":500,"column":12},"end":{"line":500,"column":36}},"235":{"start":{"line":501,"column":12},"end":{"line":501,"column":109}},"236":{"start":{"line":502,"column":12},"end":{"line":502,"column":67}},"237":{"start":{"line":505,"column":8},"end":{"line":505,"column":53}},"238":{"start":{"line":506,"column":8},"end":{"line":511,"column":11}},"239":{"start":{"line":508,"column":12},"end":{"line":508,"column":45}},"240":{"start":{"line":509,"column":12},"end":{"line":509,"column":29}},"241":{"start":{"line":510,"column":12},"end":{"line":510,"column":22}},"242":{"start":{"line":513,"column":8},"end":{"line":513,"column":29}},"243":{"start":{"line":515,"column":9},"end":{"line":548,"column":5}},"244":{"start":{"line":516,"column":8},"end":{"line":528,"column":9}},"245":{"start":{"line":517,"column":12},"end":{"line":517,"column":32}},"246":{"start":{"line":518,"column":12},"end":{"line":520,"column":13}},"247":{"start":{"line":519,"column":16},"end":{"line":519,"column":72}},"248":{"start":{"line":522,"column":12},"end":{"line":527,"column":13}},"249":{"start":{"line":523,"column":16},"end":{"line":523,"column":35}},"250":{"start":{"line":526,"column":16},"end":{"line":526,"column":30}},"251":{"start":{"line":531,"column":8},"end":{"line":531,"column":53}},"252":{"start":{"line":532,"column":8},"end":{"line":547,"column":9}},"253":{"start":{"line":533,"column":12},"end":{"line":533,"column":32}},"254":{"start":{"line":534,"column":12},"end":{"line":534,"column":44}},"255":{"start":{"line":535,"column":12},"end":{"line":546,"column":13}},"256":{"start":{"line":536,"column":16},"end":{"line":540,"column":17}},"257":{"start":{"line":539,"column":20},"end":{"line":539,"column":33}},"258":{"start":{"line":542,"column":16},"end":{"line":542,"column":31}},"259":{"start":{"line":545,"column":16},"end":{"line":545,"column":30}},"260":{"start":{"line":550,"column":4},"end":{"line":550,"column":23}},"261":{"start":{"line":551,"column":4},"end":{"line":558,"column":5}},"262":{"start":{"line":552,"column":8},"end":{"line":552,"column":40}},"263":{"start":{"line":553,"column":8},"end":{"line":557,"column":9}},"264":{"start":{"line":556,"column":12},"end":{"line":556,"column":25}},"265":{"start":{"line":560,"column":4},"end":{"line":564,"column":5}},"266":{"start":{"line":563,"column":8},"end":{"line":563,"column":21}},"267":{"start":{"line":566,"column":4},"end":{"line":566,"column":18}},"268":{"start":{"line":572,"column":0},"end":{"line":586,"column":2}},"269":{"start":{"line":574,"column":4},"end":{"line":574,"column":32}},"270":{"start":{"line":576,"column":4},"end":{"line":583,"column":5}},"271":{"start":{"line":577,"column":8},"end":{"line":582,"column":9}},"272":{"start":{"line":578,"column":12},"end":{"line":578,"column":46}},"273":{"start":{"line":581,"column":12},"end":{"line":581,"column":34}},"274":{"start":{"line":585,"column":4},"end":{"line":585,"column":18}},"275":{"start":{"line":591,"column":0},"end":{"line":628,"column":2}},"276":{"start":{"line":593,"column":4},"end":{"line":598,"column":5}},"277":{"start":{"line":597,"column":8},"end":{"line":597,"column":19}},"278":{"start":{"line":600,"column":4},"end":{"line":600,"column":28}},"279":{"start":{"line":601,"column":4},"end":{"line":603,"column":5}},"280":{"start":{"line":602,"column":8},"end":{"line":602,"column":41}},"281":{"start":{"line":605,"column":4},"end":{"line":605,"column":55}},"282":{"start":{"line":606,"column":4},"end":{"line":606,"column":18}},"283":{"start":{"line":607,"column":4},"end":{"line":625,"column":5}},"284":{"start":{"line":608,"column":8},"end":{"line":608,"column":26}},"285":{"start":{"line":609,"column":8},"end":{"line":612,"column":9}},"286":{"start":{"line":610,"column":12},"end":{"line":610,"column":43}},"287":{"start":{"line":611,"column":12},"end":{"line":611,"column":35}},"288":{"start":{"line":614,"column":8},"end":{"line":622,"column":9}},"289":{"start":{"line":
[...]
}","","    let stack = '';","    if (!hideStack) {","        stack = exports.displayStack(1).join('\\n\\t');","    }","    console.log('ABORT: ' + message + '\\n\\t' + stack);","    process.exit(1);","};","","","exports.assert = function (condition /*, msg1, msg2, msg3 */) {","","    if (condition) {","        return;","    }","","    if (arguments.length === 2 && arguments[1] instanceof Error) {","        throw arguments[1];","    }","","    let msgs = [];","    for (let i = 1; i < arguments.length; ++i) {","        if (arguments[i] !== '') {","            msgs.push(arguments[i]);            // Avoids Array.slice arguments leak, allowing for V8 optimizations","        }","    }","","    msgs = msgs.map((msg) => {","","        return typeof msg === 'string' ? msg : msg instanceof Error ? msg.message : exports.stringify(msg);","    });","","    throw new Error(msgs.join(' ') || 'Unknown error');","};","","","exports.Timer = function () {","","    this.ts = 0;","    this.reset();","};","","","exports.Timer.prototype.reset = function () {","","    this.ts = Date.now();","};","","","exports.Timer.prototype.elapsed = function () {","","    return Date.now() - this.ts;","};","","","exports.Bench = function () {","","    this.ts = 0;","    this.reset();","};","","","exports.Bench.prototype.reset = function () {","","    this.ts = exports.Bench.now();","};","","","exports.Bench.prototype.elapsed = function () {","","    return exports.Bench.now() - this.ts;","};","","","exports.Bench.now = function () {","","    const ts = process.hrtime();","    return (ts[0] * 1e3) + (ts[1] / 1e6);","};","","","// Escape string for Regex construction","","exports.escapeRegex = function (string) {","","    // Escape ^$.*+-?=!:|\\/()[]{},","    return string.replace(/[\\^\\$\\.\\*\\+\\-\\?\\=\\!\\:\\|\\\\\\/\\(\\)\\[\\]\\{\\}\\,]/g, '\\\\$&');","};","","","// Base64url (RFC 4648) encode","","exports.base64urlEncode = function (value, encoding) {","","    exports.assert(typeof value === 'string' || Buffer.isBuffer(value), 'value must be string or buffer');","    const buf = (Buffer.isBuffer(value) ? value : new Buffer(value, encoding || 'binary'));","    return buf.toString('base64').replace(/\\+/g, '-').replace(/\\//g, '_').replace(/\\=/g, '');","};","","","// Base64url (RFC 4648) decode","","exports.base64urlDecode = function (value, encoding) {","","    if (typeof value !== 'string') {","","        return new Error('Value not a string');","    }","","    if (!/^[\\w\\-]*$/.test(value)) {","","        return new Error('Invalid character');","    }","","    const buf = new Buffer(value, 'base64');","    return (encoding === 'buffer' ? buf : buf.toString(encoding || 'binary'));","};","","","// Escape attribute value for use in HTTP header","","exports.escapeHeaderAttribute = function (attribute) {","","    // Allowed value characters: !#$%&'()*+,-./:;<=>?@[]^_`{|}~ and space, a-z, A-Z, 0-9, \\, \"","","    exports.assert(/^[ \\w\\!#\\$%&'\\(\\)\\*\\+,\\-\\.\\/\\:;<\\=>\\?@\\[\\]\\^`\\{\\|\\}~\\\"\\\\]*$/.test(attribute), 'Bad attribute value (' + attribute + ')');","","    return attribute.replace(/\\\\/g, '\\\\\\\\').replace(/\\\"/g, '\\\\\"');                             // Escape quotes and slash","};","","","exports.escapeHtml = function (string) {","","    return Escape.escapeHtml(string);","};","","","exports.escapeJavaScript = function (string) {","","    return Escape.escapeJavaScript(string);","};","","","exports.nextTick = function (callback) {","","    return function () {","","        const args = arguments;","        process.nextTick(() => {","","            callback.apply(null, args);","        });","    };","};","","","exports.once = function (method) {","","    if (method._hoekOnce) {","        return method;","    }","","    let once = false;","    const wrapped = function () {","","        if (!once) {","            once = true;","            method.apply(null, arguments);","        }","    };","","    wrapped._hoekOnce = true;","","    return wrapped;","};","","","exports.isInteger = Number.isSafeInteger;","","","exports.ignore = function () { };","","","exports.inherits = Util.inherits;","","","exports.format = Util.format;","","","exports.transform = function (source, transform, options) {","","    exports.assert(source === null || source === undefined || typeof source === 'object' || Array.isArray(source), 'Invalid source object: must be null, undefined, an object, or an array');","    const separator = (typeof options === 'object' && options !== null) ? (options.separator || '.') : '.';","","    if (Array.isArray(source)) {","        const results = [];","        for (let i = 0; i < source.length; ++i) {","            results.push(exports.transform(source[i], transform, options));","        }","        return results;","    }","","    const result = {};","    const keys = Object.keys(transform);","","    for (let i = 0; i < keys.length; ++i) {","        const key = keys[i];","        const path = key.split(separator);","        const sourcePath = transform[key];","","        exports.assert(typeof sourcePath === 'string', 'All mappings must be \".\" delineated strings');","","        let segment;","        let res = result;","","        while (path.length > 1) {","            segment = path.shift();","            if (!res[segment]) {","                res[segment] = {};","            }","            res = res[segment];","        }","        segment = path.shift();","        res[segment] = exports.reach(source, sourcePath, options);","    }","","    return result;","};","","","exports.uniqueFilename = function (path, extension) {","","    if (extension) {","        extension = extension[0] !== '.' ? '.' + extension : extension;","    }","    else {","        extension = '';","    }","","    path = Path.resolve(path);","    const name = [Date.now(), process.pid, Crypto.randomBytes(8).toString('hex')].join('-') + extension;","    return Path.join(path, name);","};","","","exports.stringify = function () {","","    try {","        return JSON.stringify.apply(null, arguments);","    }","    catch (err) {","        return '[Cannot display object: ' + err.message + ']';","    }","};","","","exports.shallow = function (source) {","","    const target = {};","    const keys = Object.keys(source);","    for (let i = 0; i < keys.length; ++i) {","        const key = keys[i];","        target[key] = source[key];","    }","","    return target;","};",""],"l":{"5":1,"6":1,"7":1,"8":1,"13":1,"18":1,"20":0,"23":0,"26":0,"28":0,"29":0,"30":0,"33":0,"34":0,"36":0,"37":0,"38":0,"40":0,"41":0,"43":0,"44":0,"47":0,"48":0,"51":0,"54":0,"55":0,"60":0,"61":0,"64":0,"66":0,"67":0,"68":0,"69":0,"70":0,"71":0,"75":0,"78":0,"83":0,"90":1,"93":0,"94":0,"96":0,"97":0,"100":0,"101":0,"102":0,"103":0,"106":0,"107":0,"110":0,"113":0,"114":0,"115":0,"116":0,"117":0,"120":0,"127":0,"130":0,"134":0,"137":0,"139":0,"140":0,"145":0,"151":1,"153":0,"154":0,"156":0,"157":0,"160":0,"162":0,"163":0,"166":0,"172":1,"174":0,"177":0,"180":0,"181":0,"182":0,"183":0,"187":1,"189":0,"190":0,"191":0,"192":0,"193":0,"194":0,"195":0,"199":0,"203":1,"205":0,"206":0,"207":0,"208":0,"209":0,"214":1,"216":0,"217":0,"218":0,"219":0,"220":0,"221":0,"224":0,"231":1,"233":0,"234":0,"235":0,"237":0,"238":0,"241":0,"243":0,"244":0,"247":0,"248":0,"249":0,"250":0,"256":1,"258":0,"260":0,"262":0,"263":0,"266":0,"270":0,"271":0,"274":0,"277":0,"278":0,"279":0,"282":0,"284":0,"285":0,"286":0,"289":0,"290":0,"293":0,"294":0,"295":0,"296":0,"297":0,"298":0,"299":0,"303":0,"306":0,"307":0,"311":0,"314":0,"315":0,"316":0,"319":0,"320":0,"323":0,"324":0,"325":0,"329":0,"332":0,"333":0,"336":0,"337":0,"340":0,"341":0,"342":0,"346":0,"348":0,"349":0,"352":0,"353":0,"354":0,"355":0,"356":0,"357":0,"360":0,"361":0,"365":0,"371":1,"373":0,"374":0,"375":0,"376":0,"377":0,"379":0,"380":0,"381":0,"382":0,"387":0,"390":0,"396":1,"398":0,"399":0,"402":0,"403":0,"404":0,"405":0,"406":0,"410":0,"414":0,"420":1,"422":0,"423":0,"426":0,"427":0,"428":0,"429":0,"430":0,"431":0,"432":0,"435":0,"436":0,"440":0,"446":1,"455":0,"456":0,"461":0,"462":0,"465":0,"468":0,"470":0,"471":0,"472":0,"474":0,"475":0,"476":0,"477":0,"479":0,"480":0,"482":0,"488":0,"491":0,"492":0,"493":0,"494":0,"497":0,"498":0,"499":0,"500":0,"501":0,"502":0,"505":0,"506":0,"508":0,"509":0,"510":0,"513":0,"515":0,"516":0,"517":0,"518":0,"519":0,"522":0,"523":0,"526":0,"531":0,"532":0,"533":0,"534":0,"535":0,"536":0,"539":0,"542":0,"545":0,"550":0,"551":0,"552":0,"553":0,"556":0,"560":0,"563":0,"566":0,"572":1,"574":0,"576":0,"577":0,"578":0,"581":0,"585":0,"591":1,"593":0,"597":0,"600":0,"601":0,"602":0,"605":0,"606":0,"607":0,"608":0,"609":0,"610":0,"611":0,"614":0,"618":0,"619":0,"620":0,"621":0,"624":0,"627":0,"631":1,"633":0,"635":0,"636":0,"641":1,"643":0,"644":0,"645":0,"646":0,"649":0,"653":1,"655":0,"657":0,"658":0,"659":0,"662":0,"666":1,"670":0,"671":0,"673":0,"676":0,"677":0,"678":0,"680":0,"682":0,"684":0,"688":1,"690":0,"692":0,"696":1,"699":1,"701":0,"702":0,"705":0,"706":0,"707":0,"709":0,"710":0,"714":1,"716":0,"717":0,"720":0,"721":0,"724":0,"725":0,"726":0,"727":0,"731":0,"733":0,"736":0,"740":1,"742":0,"743":0,"747":1,"749":0,"753":1,"755":0,"759":1,"761":0,"762":0,"766":1,"768":0,"772":1,"774":0,"778":1,"780":0,"781":0,"787":1,"790":0,"796":1,"798":0,"799":0,"800":0,"806":1,"808":0,"810":0,"813":0,"815":0,"818":0,"819":0,"825":1,"829":0,"831":0,"835":1,"837":0,"841":1,"843":0,"847":1,"849":0,"851":0,"852":0,"854":0,"860":1,"862":0,"863":0,"866":0,"867":0,"869":0,"870":0,"871":0,"875":0,"877":0,"881":1,"884":1,"887":1,"890":1,"893":1,"895":0,"896":0,"898":0,"899":0,"900":0,"901":0,"903":0,"906":0,"907":0,"909":0,"910":0,"911":0,"912":0,"914":0,"916":0,"917":0,"919":0,"920":0,"921":0,"922":0,"924":0,"926":0,"927":0,"930":0,"934":1,"936":0,"937":0,"940":0,"943":0,"944":0,"945":0,"949":1,"951":0,"952":0,"955":0,"960":1,"962":0,"963":0,"964":0,"965":0,"966":0,"969":0}},"/home/travis/build/npmtest/node-npmtest-hoek/hoek/lib/escape.js":{"path":"/home/travis/build/npmtest/node-npmtest-hoek/hoek/lib/escape.js","s":{"1":1,"2":1,"3":0,"4":0,"5":0,"6":0,"7":0,"8":0,"9":0,"10":0,"11":0,"12":1,"13":0,"14":0,"15":0,"16":0,"17":0,"18":0,"19":0,"20":0,"21":0,"22":1,"23":0,"24":0,"25":0,"26":0,"27":1,"28":0,"29":0,"30":0,"31":0,"32":0,"33":0,"34":0,"35":1,"36":0,"37":0,"38":0,"39":1,"40":0,"41":1,"42":1,"43":1,"44":1,"45":91,"46":68,"47":1},"b":{"1":[0,0],"2":[0,0],"3":[0,0],"4":[0,0],"5":[0,0],"6":[0,0],"7":[0,0],"8":[68,23],"9":[91,65,32,39,23,29,28,27,26,25,24]},"f":{"1":0,"2":0,"3":0,"4":0,"5":0,"6":0,"7":1},"fnMap":{"1":{"name":"(anonymous_1)","line":8,"loc":{"start":{"line":8,"column":27},"end":{"line":8,"column":44}}},"2":{"name":"(anonymous_2)","line":32,"loc":{"start":{"line":32,"column":21},"end":{"line":32,"column":38}}},"3":{"name":"(anonymous_3)","line":56,"loc":{"start":{"line":56,"column":33},"end":{"line":56,"column":53}}},"4":{"name":"(anonymous_4)","line":67,"loc":{"start":{"line":67,"column":27},"end":{"line":67,"column":47}}},"5":{"name":"(anonymous_5)","line":83,"loc":{"start":{"line":83,"column":20},"end":{"line":83,"column":40}}},"6":{"name":"(anonymous_6)","line":93,"loc":{"start":{"line":93,"column":19},"end":{"line":93,"column":39}}},"7":{"name":"(anonymous_7)","line":113,"loc":{"start":{"line":113,"column":27},"end":{"line":113,"column":39}}}},"statementMap":{"1":{"start":{"line":5,"column":0},"end":{"line":5,"column":21}},"2":{"start":{"line":8,"column":0},"end":{"line":29,"column":2}},"3":{"start":{"line":10,"column":4},"end":{"line":12,"column":5}},"4":{"start":{"line":11,"column":8},"end":{"line":11,"column":18}},"5":{"start":{"line":14,"column":4},"end":{"line":14,"column":21}},"6":{"start":{"line":16,"column":4},"end":{"line":26,"column":5}},"7":{"start":{"line":18,"column":8},"end":{"line":18,"column":45}},"8":{"start":{"line":20,"column":8},"end":{"line":25,"column":9}},"9":{"start":{"line":21,"column":12},"end":{"line":21,"column":32}},"10":{"start":{"line":24,"column":12},"end":{"line":24,"column":64}},"11":{"start":{"line":28,"column":4},"end":{"line":28,"column":19}},"12":{"start":{"line":32,"column":0},"end":{"line":53,"column":2}},"13":{"start":{"line":34,"column":4},"end":{"line":36,"column":5}},"14":{"start":{"line":35,"column":8},"end":{"line":35,"column":18}},"15":{"start":{"line":38,"column":4},"end":{"line":38,"column":21}},"16":{"start":{"line":40,"column":4},"end":{"line":50,"column":5}},"17":{"start":{"line":42,"column":8},"end":{"line":42,"column":45}},"18":{"start":{"line":44,"column":8},"end":{"line":49,"column":9}},"19":{"start":{"line":45,"column":12},"end":{"line":45,"column":32}},"20":{"start":{"line":48,"column":12},"end":{"line":48,"column":58}},"21":{"start":{"line":52,"column":4},"end":{"line":52,"column":19}},"22":{"start":{"line":56,"column":0},"end":{"line":64,"column":2}},"23":{"start":{"line":58,"column":4},"end":{"line":60,"column":5}},"24":{"start":{"line":59,"column":8},"end":{"line":59,"column":59}},"25":{"start":{"line":62,"column":4},"end":{"line":62,"column":88}},"26":{"start":{"line":63,"column":4},"end":{"line":63,"column":50}},"27":{"start":{"line":67,"column":0},"end":{"line":80,"column":2}},"28":{"start":{"line":69,"column":4},"end":{"line":69,"column":54}},"29":{"start":{"line":70,"column":4},"end":{"line":72,"column":5}},"30":{"start":{"line":71,"column":8},"end":{"line":71,"column":27}},"31":{"start":{"line":74,"column":4},"end":{"line":76,"column":5}},"32":{"start":{"line":75,"column":8},"end":{"line":75,"column":37}},"33":{"start":{"line":78,"column":4},"end":{"line":78,"column":88}},"34":{"start":{"line":79,"column":4},"end":{"line":79,"column":56}},"35":{"start":{"line":83,"column":0},"end":{"line":90,"column":2}},"36":{"start":{"line":85,"column":4},"end":{"line":87,"column":5}},"37":{"start":{"line":86,"column":8},"end":{"line":86,"column":24}},"38":{"start":{"line":89,"column":4},"end":{"line":89,"column":15}},"39":{"start":{"line":93,"column":0},"end":{"line":96,"column":2}},"40":{"start":{"line":95,"column":4},"end":{"line":95,"column":70}},"41":{"start":{"line":99,"column":0},"end":{"line":110,"column":2}},"42":{"start":{"line":113,"column":0},"end":{"line":134,"column":5}},"43":{"start":{"line":115,"column":4},"end":{"line":115,"column":20}},"44":{"start":{"line":117,"column":4},"end":{"line":131,"column":5}},"45":{"start":{"line":119,"column":8},"end":{"line":130,"column":9}},"46":{"start":{"line":129,"column":12},"end":{"line":129,"column":27}},"47":{"start":{"line":133,"column":4},"end":{"line":133,"column":16}}},"branchMap":{"1":{"line":10,"type":"if","locations":[{"start":{"line":10,"column":4},"end":{"line":10,"column":4}},{"start":{"line":10,"column":4},"end":{"line":10,"column":4}}]},"2":{"line":20,"type":"if","locations":[{"start":{"line":20,"column":8},"end":{"line":20,"column":8}},{"start":{"line":20,"column":8},"end":{"line":20,"column":8}}]},"3":{"line":34,"type":"if","locations":[{"start":{"line":34,"column":4},"end":{"line":34,"column":4}},{"start":{"line":34,"column":4},"end":{"line":34,"column":4}}]},"4":{"line":44,"type":"if","locations":[{"start":{"line":44,"column":8},"end":{"line":44,"column":8}},{"start":{"line":44,"column":8},"end":{"line":44,"column":8}}]},"5":{"line":58,"type":"if","locations":[{"start":{"line":58,"column":4},"end":{"line":58,"column":4}},{"start":{"line":58,"column":4},"end":{"line":58,"column":4}}]},"6":{"line":70,"type":"if","locations":[{"start":{"line":70,"column":4},"end":{"line":70,"column":4}},{"start":{"line":70,"column":4},"end":{"line":70,"column":4}}]},"7":{"line":74,"type":"if","locations":[{"start":{"line":74,"column":4},"end":{"line":74,"column":4}},{"start":{"line":74,"column":4},"end":{"line":74,"column":4}}]},"8":{"line":119,"type":"if","locations":[{"start":{"line":119,"column":8},"end":{"line":119,"column":8}},{"start":{"line":119,"column":8},"end":{"line":119,"column":8}}]},"9":{"line":119,"type":"binary-expr","locations":[{"start":{"line":119,"column":13},"end":{"line":119,"column":20}},{"start":{"line":120,"column":13},"end":{"line":120,"column":20}},{"start":{"line":120,"column":24},"end":{"line":120,"column":31}},{"start":{"line":121,"column":13},"end":{"line":121,"column":20}},{"start":{"line":121,"column":24},"end":{"line":121,"column":31}},{"start":{"line":122,"column":12},"end":{"line":122,"column":20}},{"start":{"line":123,"column":12},"end":{"line":123,"column":20}},{"start":{"line":124,"column":12},"end":{"line":124,"column":20}},{"start":{"line":125,"column":12},"end":{"line":125,"column":20}},{"start":{"line":126,"column":12},"end":{"line":126,"column":20}},{"start":{"line":127,"column":12},"end":{"line":127,"column":20}}]}},"code":["'use strict';","","// Declare internals","","const internals = {};","","","exports.escapeJavaScript = function (input) {","","    if (!input) {","        return '';","    }","","    let escaped = '';","","    for (let i = 0; i < input.length; ++i) {","","        const charCode = input.charCodeAt(i);","","        if (internals.isSafe(charCode)) {","            escaped += input[i];","        }","        else {","            escaped += internals.escapeJavaScriptChar(charCode);","        }","    }","","    return escaped;","};","","","exports.escapeHtml = function (input) {","","    if (!input) {","        return '';","    }","","    let escaped = '';","","    for (let i = 0; i < input.length; ++i) {","","        const charCode = input.charCodeAt(i);","","        if (internals.isSafe(charCode)) {","            escaped += input[i];","        }","        else {","            escaped += internals.escapeHtmlChar(charCode);","        }","    }","","    return escaped;","};","","","internals.escapeJavaScriptChar = function (charCode) {","","    if (charCode >= 256) {","        return '\\\\u' + internals.padLeft('' + charCode, 4);","    }","","    const hexValue = new Buffer(String.fromCharCode(charCode), 'ascii').toString('hex');","    return '\\\\x' + internals.padLeft(hexValue, 2);","};","","","internals.escapeHtmlChar = function (charCode) {","","    const namedEscape = internals.namedHtml[charCode];","    if (typeof namedEscape !== 'undefined') {","        return namedEscape;","    }","","    if (charCode >= 256) {","        return '&#' + charCode + ';';","    }","","    const hexValue = new Buffer(String.fromCharCode(charCode), 'ascii').toString('hex');","    return '&#x' + internals.padLeft(hexValue, 2) + ';';","};","","","internals.padLeft = function (str, len) {","","    while (str.length < len) {","        str = '0' + str;","    }","","    return str;","};","","","internals.isSafe = function (charCode) {","","    return (typeof internals.safeCharCodes[charCode] !== 'undefined');","};","","","internals.namedHtml = {","    '38': '&amp;',","    '60': '&lt;',","    '62': '&gt;',","    '34': '&quot;',","    '160': '&nbsp;',","    '162': '&cent;',","    '163': '&pound;',","    '164': '&curren;',","    '169': '&copy;',","    '174': '&reg;'","};","","","internals.safeCharCodes = (function () {","","    const safe = {};","","    for (let i = 32; i < 123; ++i) {","","        if ((i >= 97) ||                    // a-z","            (i >= 65 && i <= 90) ||         // A-Z","            (i >= 48 && i <= 57) ||         // 0-9","            i === 32 ||                     // space","            i === 46 ||                     // .","            i === 44 ||                     // ,","            i === 45 ||                     // -","            i === 58 ||                     // :","            i === 95) {                     // _","","            safe[i] = null;","        }","    }","","    return safe;","}());",""],"l":{"5":1,"8":1,"10":0,"11":0,"14":0,"16":0,"18":0,"20":0,"21":0,"24":0,"28":0,"32":1,"34":0,"35":0,"38":0,"40":0,"42":0,"44":0,"45":0,"48":0,"52":0,"56":1,"58":0,"59":0,"62":0,"63":0,"67":1,"69":0,"70":0,"71":0,"74":0,"75":0,"78":0,"79":0,"83":1,"85":0,"86":0,"89":0,"93":1,"95":0,"99":1,"113":1,"115":1,"117":1,"119":91,"129":68,"133":1}}}